[ 2018-07-27T09:22:47+08:00 ] 127.0.0.1 /home.php/home/index/index
INFO: [ app_init ] --START--
INFO: Run Behavior\BuildLiteBehavior [ RunTime:0.000014s ]
INFO: [ app_init ] --END-- [ RunTime:0.000657s ]
INFO: [ app_begin ] --START--
INFO: Run Behavior\ReadHtmlCacheBehavior [ RunTime:0.000427s ]
INFO: [ app_begin ] --END-- [ RunTime:0.000513s ]
ERR: SQLSTATE[HY000] [1130] Host '113.116.143.158' is not allowed to connect to this MySQL server

[ 2018-07-27T09:22:47+08:00 ] 127.0.0.1 /home.php/home/index/index
INFO: [ app_init ] --START--
INFO: Run Behavior\BuildLiteBehavior [ RunTime:0.000009s ]
INFO: [ app_init ] --END-- [ RunTime:0.000283s ]
INFO: [ app_begin ] --START--
INFO: Run Behavior\ReadHtmlCacheBehavior [ RunTime:0.000480s ]
INFO: [ app_begin ] --END-- [ RunTime:0.000510s ]
ERR: SQLSTATE[HY000] [1130] Host '113.116.143.158' is not allowed to connect to this MySQL server

[ 2018-07-27T09:27:29+08:00 ] 127.0.0.1 /home.php/home/index/index
INFO: [ app_init ] --START--
INFO: Run Behavior\BuildLiteBehavior [ RunTime:0.000008s ]
INFO: [ app_init ] --END-- [ RunTime:0.000255s ]
INFO: [ app_begin ] --START--
INFO: Run Behavior\ReadHtmlCacheBehavior [ RunTime:0.000382s ]
INFO: [ app_begin ] --END-- [ RunTime:0.000413s ]
SQL: SHOW COLUMNS FROM `article` [ RunTime:0.0098s ]
SQL: SHOW COLUMNS FROM `article` [ RunTime:0.0079s ]
SQL: SELECT * FROM `article` WHERE `article_type` = 3 AND `is_delete` = 0 ORDER BY click_number desc LIMIT 4   [ RunTime:0.0073s ]
SQL: SELECT * FROM `article` WHERE `article_type` = 3 AND `is_delete` = 0 ORDER BY create_time asc LIMIT 4   [ RunTime:0.0107s ]
SQL: SELECT * FROM `article` WHERE `article_type` = 3 AND `is_delete` = 0 ORDER BY create_time asc LIMIT 4,4   [ RunTime:0.0106s ]
SQL: SELECT * FROM `article` WHERE `article_type` = 3 AND `is_delete` = 0 ORDER BY create_time asc LIMIT 8,8   [ RunTime:0.0155s ]
SQL: SHOW COLUMNS FROM `user` [ RunTime:0.0077s ]
SQL: SHOW COLUMNS FROM `user` [ RunTime:0.0075s ]
SQL: SELECT * FROM `user` LIMIT 0,6   [ RunTime:0.0080s ]
INFO: [ view_parse ] --START--
INFO: [ template_filter ] --START--
INFO: Run Behavior\ContentReplaceBehavior [ RunTime:0.000116s ]
INFO: [ template_filter ] --END-- [ RunTime:0.000148s ]
NOTIC: [8] Undefined variable: user D:\Project\6player\htdocs\Home\Runtime\Cache\Home\76fa5d91061b37f679ea44f50ab94989.php 第 300 行.
NOTIC: [8] Undefined variable: user D:\Project\6player\htdocs\Home\Runtime\Cache\Home\76fa5d91061b37f679ea44f50ab94989.php 第 300 行.
NOTIC: [8] Undefined variable: user D:\Project\6player\htdocs\Home\Runtime\Cache\Home\76fa5d91061b37f679ea44f50ab94989.php 第 300 行.
NOTIC: [8] Undefined variable: user D:\Project\6player\htdocs\Home\Runtime\Cache\Home\76fa5d91061b37f679ea44f50ab94989.php 第 300 行.
NOTIC: [8] Undefined variable: user D:\Project\6player\htdocs\Home\Runtime\Cache\Home\76fa5d91061b37f679ea44f50ab94989.php 第 300 行.
NOTIC: [8] Undefined variable: user D:\Project\6player\htdocs\Home\Runtime\Cache\Home\76fa5d91061b37f679ea44f50ab94989.php 第 300 行.
NOTIC: [8] Undefined variable: user D:\Project\6player\htdocs\Home\Runtime\Cache\Home\76fa5d91061b37f679ea44f50ab94989.php 第 300 行.
NOTIC: [8] Undefined variable: user D:\Project\6player\htdocs\Home\Runtime\Cache\Home\76fa5d91061b37f679ea44f50ab94989.php 第 300 行.
INFO: Run Behavior\ParseTemplateBehavior [ RunTime:0.018456s ]
INFO: [ view_parse ] --END-- [ RunTime:0.018484s ]
INFO: [ view_filter ] --START--
INFO: Run Behavior\WriteHtmlCacheBehavior [ RunTime:0.000345s ]
INFO: [ view_filter ] --END-- [ RunTime:0.000366s ]
INFO: [ app_end ] --START--
INFO: Run Behavior\ShowPageTraceBehavior [ RunTime:0.000448s ]
INFO: [ app_end ] --END-- [ RunTime:0.000474s ]

[ 2018-07-27T10:15:01+08:00 ] 127.0.0.1 /home.php/home/index/index
INFO: [ app_init ] --START--
INFO: Run Behavior\BuildLiteBehavior [ RunTime:0.000007s ]
INFO: [ app_init ] --END-- [ RunTime:0.000221s ]
INFO: [ app_begin ] --START--
INFO: Run Behavior\ReadHtmlCacheBehavior [ RunTime:0.000267s ]
INFO: [ app_begin ] --END-- [ RunTime:0.000295s ]
SQL: SHOW COLUMNS FROM `article` [ RunTime:0.0095s ]
SQL: SHOW COLUMNS FROM `article` [ RunTime:0.0092s ]
SQL: SELECT * FROM `article` WHERE `article_type` = 3 AND `is_delete` = 0 ORDER BY click_number desc LIMIT 4   [ RunTime:0.0105s ]
SQL: SELECT * FROM `article` WHERE `article_type` = 3 AND `is_delete` = 0 ORDER BY create_time asc LIMIT 4   [ RunTime:0.0091s ]
SQL: SELECT * FROM `article` WHERE `article_type` = 3 AND `is_delete` = 0 ORDER BY create_time asc LIMIT 4,4   [ RunTime:0.0096s ]
SQL: SELECT * FROM `article` WHERE `article_type` = 3 AND `is_delete` = 0 ORDER BY create_time asc LIMIT 8,8   [ RunTime:0.0189s ]
SQL: SHOW COLUMNS FROM `user` [ RunTime:0.0095s ]
SQL: SHOW COLUMNS FROM `user` [ RunTime:0.0108s ]
SQL: SELECT * FROM `user` LIMIT 0,6   [ RunTime:0.0091s ]
INFO: [ view_parse ] --START--
INFO: [ template_filter ] --START--
INFO: Run Behavior\ContentReplaceBehavior [ RunTime:0.000120s ]
INFO: [ template_filter ] --END-- [ RunTime:0.000164s ]
NOTIC: [8] Undefined variable: user D:\Project\6player\htdocs\Home\Runtime\Cache\Home\76fa5d91061b37f679ea44f50ab94989.php 第 300 行.
NOTIC: [8] Undefined variable: user D:\Project\6player\htdocs\Home\Runtime\Cache\Home\76fa5d91061b37f679ea44f50ab94989.php 第 300 行.
NOTIC: [8] Undefined variable: user D:\Project\6player\htdocs\Home\Runtime\Cache\Home\76fa5d91061b37f679ea44f50ab94989.php 第 300 行.
NOTIC: [8] Undefined variable: user D:\Project\6player\htdocs\Home\Runtime\Cache\Home\76fa5d91061b37f679ea44f50ab94989.php 第 300 行.
NOTIC: [8] Undefined variable: user D:\Project\6player\htdocs\Home\Runtime\Cache\Home\76fa5d91061b37f679ea44f50ab94989.php 第 300 行.
NOTIC: [8] Undefined variable: user D:\Project\6player\htdocs\Home\Runtime\Cache\Home\76fa5d91061b37f679ea44f50ab94989.php 第 300 行.
NOTIC: [8] Undefined variable: user D:\Project\6player\htdocs\Home\Runtime\Cache\Home\76fa5d91061b37f679ea44f50ab94989.php 第 300 行.
NOTIC: [8] Undefined variable: user D:\Project\6player\htdocs\Home\Runtime\Cache\Home\76fa5d91061b37f679ea44f50ab94989.php 第 300 行.
INFO: Run Behavior\ParseTemplateBehavior [ RunTime:0.013219s ]
INFO: [ view_parse ] --END-- [ RunTime:0.013252s ]
INFO: [ view_filter ] --START--
INFO: Run Behavior\WriteHtmlCacheBehavior [ RunTime:0.000235s ]
INFO: [ view_filter ] --END-- [ RunTime:0.000269s ]
INFO: [ app_end ] --START--
INFO: Run Behavior\ShowPageTraceBehavior [ RunTime:0.000299s ]
INFO: [ app_end ] --END-- [ RunTime:0.000326s ]

