[ 2017-06-08T15:31:26+08:00 ] 127.0.0.1 /static/h-ui/css/H-ui.min.css
INFO: [ app_init ] --START--
INFO: Run Behavior\BuildLiteBehavior [ RunTime:0.000030s ]
INFO: [ app_init ] --END-- [ RunTime:0.001018s ]
ERR: 无法加载模块:Static

[ 2017-06-08T15:31:26+08:00 ] 127.0.0.1 /static/h-ui.admin/css/H-ui.admin.css
INFO: [ app_init ] --START--
INFO: Run Behavior\BuildLiteBehavior [ RunTime:0.000028s ]
INFO: [ app_init ] --END-- [ RunTime:0.001082s ]
ERR: 无法加载模块:Static

[ 2017-06-08T15:31:26+08:00 ] 127.0.0.1 /lib/Hui-iconfont/1.0.8/iconfont.css
INFO: [ app_init ] --START--
INFO: Run Behavior\BuildLiteBehavior [ RunTime:0.000027s ]
INFO: [ app_init ] --END-- [ RunTime:0.001105s ]
ERR: 无法加载模块:Lib

[ 2017-06-08T15:31:26+08:00 ] 127.0.0.1 /static/h-ui.admin/skin/default/skin.css
INFO: [ app_init ] --START--
INFO: Run Behavior\BuildLiteBehavior [ RunTime:0.000027s ]
INFO: [ app_init ] --END-- [ RunTime:0.001088s ]
ERR: 无法加载模块:Static

[ 2017-06-08T15:31:26+08:00 ] 127.0.0.1 /static/h-ui.admin/css/style.css
INFO: [ app_init ] --START--
INFO: Run Behavior\BuildLiteBehavior [ RunTime:0.000028s ]
INFO: [ app_init ] --END-- [ RunTime:0.001048s ]
ERR: 无法加载模块:Static

[ 2017-06-08T15:31:26+08:00 ] 127.0.0.1 /lib/jquery/1.9.1/jquery.min.js
INFO: [ app_init ] --START--
INFO: Run Behavior\BuildLiteBehavior [ RunTime:0.000029s ]
INFO: [ app_init ] --END-- [ RunTime:0.001009s ]
ERR: 无法加载模块:Lib

[ 2017-06-08T15:31:26+08:00 ] 127.0.0.1 /lib/layer/2.4/layer.js
INFO: [ app_init ] --START--
INFO: Run Behavior\BuildLiteBehavior [ RunTime:0.000028s ]
INFO: [ app_init ] --END-- [ RunTime:0.001030s ]
ERR: 无法加载模块:Lib

[ 2017-06-08T15:31:26+08:00 ] 127.0.0.1 /static/h-ui/js/H-ui.js
INFO: [ app_init ] --START--
INFO: Run Behavior\BuildLiteBehavior [ RunTime:0.000029s ]
INFO: [ app_init ] --END-- [ RunTime:0.001103s ]
ERR: 无法加载模块:Static

[ 2017-06-08T15:31:26+08:00 ] 127.0.0.1 /static/h-ui.admin/js/H-ui.admin.page.js
INFO: [ app_init ] --START--
INFO: Run Behavior\BuildLiteBehavior [ RunTime:0.000027s ]
INFO: [ app_init ] --END-- [ RunTime:0.001090s ]
ERR: 无法加载模块:Static

[ 2017-06-08T15:34:11+08:00 ] 127.0.0.1 /static/h-ui/css/H-ui.min.css
INFO: [ app_init ] --START--
INFO: Run Behavior\BuildLiteBehavior [ RunTime:0.000036s ]
INFO: [ app_init ] --END-- [ RunTime:0.001089s ]
ERR: 无法加载模块:Static

[ 2017-06-08T15:34:11+08:00 ] 127.0.0.1 /static/h-ui.admin/css/H-ui.admin.css
INFO: [ app_init ] --START--
INFO: Run Behavior\BuildLiteBehavior [ RunTime:0.000029s ]
INFO: [ app_init ] --END-- [ RunTime:0.001095s ]
ERR: 无法加载模块:Static

[ 2017-06-08T15:34:11+08:00 ] 127.0.0.1 /lib/Hui-iconfont/1.0.8/iconfont.css
INFO: [ app_init ] --START--
INFO: Run Behavior\BuildLiteBehavior [ RunTime:0.000028s ]
INFO: [ app_init ] --END-- [ RunTime:0.001085s ]
ERR: 无法加载模块:Lib

[ 2017-06-08T15:34:12+08:00 ] 127.0.0.1 /static/h-ui.admin/css/style.css
INFO: [ app_init ] --START--
INFO: Run Behavior\BuildLiteBehavior [ RunTime:0.000028s ]
INFO: [ app_init ] --END-- [ RunTime:0.001079s ]
ERR: 无法加载模块:Static

[ 2017-06-08T15:34:12+08:00 ] 127.0.0.1 /static/h-ui.admin/skin/default/skin.css
INFO: [ app_init ] --START--
INFO: Run Behavior\BuildLiteBehavior [ RunTime:0.000028s ]
INFO: [ app_init ] --END-- [ RunTime:0.001083s ]
ERR: 无法加载模块:Static

[ 2017-06-08T15:34:12+08:00 ] 127.0.0.1 /lib/jquery/1.9.1/jquery.min.js
INFO: [ app_init ] --START--
INFO: Run Behavior\BuildLiteBehavior [ RunTime:0.000030s ]
INFO: [ app_init ] --END-- [ RunTime:0.001051s ]
ERR: 无法加载模块:Lib

[ 2017-06-08T15:34:12+08:00 ] 127.0.0.1 /lib/layer/2.4/layer.js
INFO: [ app_init ] --START--
INFO: Run Behavior\BuildLiteBehavior [ RunTime:0.000030s ]
INFO: [ app_init ] --END-- [ RunTime:0.001118s ]
ERR: 无法加载模块:Lib

[ 2017-06-08T15:34:12+08:00 ] 127.0.0.1 /static/h-ui/js/H-ui.js
INFO: [ app_init ] --START--
INFO: Run Behavior\BuildLiteBehavior [ RunTime:0.000028s ]
INFO: [ app_init ] --END-- [ RunTime:0.001085s ]
ERR: 无法加载模块:Static

[ 2017-06-08T15:34:12+08:00 ] 127.0.0.1 /static/h-ui.admin/js/H-ui.admin.page.js
INFO: [ app_init ] --START--
INFO: Run Behavior\BuildLiteBehavior [ RunTime:0.000027s ]
INFO: [ app_init ] --END-- [ RunTime:0.001072s ]
ERR: 无法加载模块:Static

[ 2017-06-08T15:34:22+08:00 ] 127.0.0.1 /static/h-ui/css/H-ui.min.css
INFO: [ app_init ] --START--
INFO: Run Behavior\BuildLiteBehavior [ RunTime:0.000038s ]
INFO: [ app_init ] --END-- [ RunTime:0.001351s ]
ERR: 无法加载模块:Static

[ 2017-06-08T15:34:22+08:00 ] 127.0.0.1 /static/h-ui.admin/css/H-ui.admin.css
INFO: [ app_init ] --START--
INFO: Run Behavior\BuildLiteBehavior [ RunTime:0.000035s ]
INFO: [ app_init ] --END-- [ RunTime:0.001033s ]
ERR: 无法加载模块:Static

[ 2017-06-08T15:34:22+08:00 ] 127.0.0.1 /lib/Hui-iconfont/1.0.8/iconfont.css
INFO: [ app_init ] --START--
INFO: Run Behavior\BuildLiteBehavior [ RunTime:0.000028s ]
INFO: [ app_init ] --END-- [ RunTime:0.001024s ]
ERR: 无法加载模块:Lib

[ 2017-06-08T15:34:22+08:00 ] 127.0.0.1 /static/h-ui.admin/skin/default/skin.css
INFO: [ app_init ] --START--
INFO: Run Behavior\BuildLiteBehavior [ RunTime:0.000028s ]
INFO: [ app_init ] --END-- [ RunTime:0.001025s ]
ERR: 无法加载模块:Static

[ 2017-06-08T15:34:22+08:00 ] 127.0.0.1 /static/h-ui.admin/css/style.css
INFO: [ app_init ] --START--
INFO: Run Behavior\BuildLiteBehavior [ RunTime:0.000028s ]
INFO: [ app_init ] --END-- [ RunTime:0.000986s ]
ERR: 无法加载模块:Static

[ 2017-06-08T15:34:22+08:00 ] 127.0.0.1 /lib/jquery/1.9.1/jquery.min.js
INFO: [ app_init ] --START--
INFO: Run Behavior\BuildLiteBehavior [ RunTime:0.000030s ]
INFO: [ app_init ] --END-- [ RunTime:0.001033s ]
ERR: 无法加载模块:Lib

[ 2017-06-08T15:34:22+08:00 ] 127.0.0.1 /lib/layer/2.4/layer.js
INFO: [ app_init ] --START--
INFO: Run Behavior\BuildLiteBehavior [ RunTime:0.000044s ]
INFO: [ app_init ] --END-- [ RunTime:0.001358s ]
ERR: 无法加载模块:Lib

[ 2017-06-08T15:34:22+08:00 ] 127.0.0.1 /static/h-ui/js/H-ui.js
INFO: [ app_init ] --START--
INFO: Run Behavior\BuildLiteBehavior [ RunTime:0.000028s ]
INFO: [ app_init ] --END-- [ RunTime:0.000975s ]
ERR: 无法加载模块:Static

[ 2017-06-08T15:34:22+08:00 ] 127.0.0.1 /static/h-ui.admin/js/H-ui.admin.page.js
INFO: [ app_init ] --START--
INFO: Run Behavior\BuildLiteBehavior [ RunTime:0.000030s ]
INFO: [ app_init ] --END-- [ RunTime:0.000996s ]
ERR: 无法加载模块:Static

[ 2017-06-08T15:34:28+08:00 ] 127.0.0.1 /static/h-ui/css/H-ui.min.css
INFO: [ app_init ] --START--
INFO: Run Behavior\BuildLiteBehavior [ RunTime:0.000036s ]
INFO: [ app_init ] --END-- [ RunTime:0.001032s ]
ERR: 无法加载模块:Static

[ 2017-06-08T15:34:29+08:00 ] 127.0.0.1 /static/h-ui.admin/css/H-ui.admin.css
INFO: [ app_init ] --START--
INFO: Run Behavior\BuildLiteBehavior [ RunTime:0.000029s ]
INFO: [ app_init ] --END-- [ RunTime:0.001076s ]
ERR: 无法加载模块:Static

[ 2017-06-08T15:34:29+08:00 ] 127.0.0.1 /lib/Hui-iconfont/1.0.8/iconfont.css
INFO: [ app_init ] --START--
INFO: Run Behavior\BuildLiteBehavior [ RunTime:0.000036s ]
INFO: [ app_init ] --END-- [ RunTime:0.001102s ]
ERR: 无法加载模块:Lib

[ 2017-06-08T15:34:29+08:00 ] 127.0.0.1 /static/h-ui.admin/skin/default/skin.css
INFO: [ app_init ] --START--
INFO: Run Behavior\BuildLiteBehavior [ RunTime:0.000028s ]
INFO: [ app_init ] --END-- [ RunTime:0.001071s ]
ERR: 无法加载模块:Static

[ 2017-06-08T15:34:29+08:00 ] 127.0.0.1 /static/h-ui.admin/css/style.css
INFO: [ app_init ] --START--
INFO: Run Behavior\BuildLiteBehavior [ RunTime:0.000028s ]
INFO: [ app_init ] --END-- [ RunTime:0.001094s ]
ERR: 无法加载模块:Static

[ 2017-06-08T15:34:29+08:00 ] 127.0.0.1 /lib/jquery/1.9.1/jquery.min.js
INFO: [ app_init ] --START--
INFO: Run Behavior\BuildLiteBehavior [ RunTime:0.000028s ]
INFO: [ app_init ] --END-- [ RunTime:0.001024s ]
ERR: 无法加载模块:Lib

[ 2017-06-08T15:34:29+08:00 ] 127.0.0.1 /lib/layer/2.4/layer.js
INFO: [ app_init ] --START--
INFO: Run Behavior\BuildLiteBehavior [ RunTime:0.000029s ]
INFO: [ app_init ] --END-- [ RunTime:0.001034s ]
ERR: 无法加载模块:Lib

[ 2017-06-08T15:34:29+08:00 ] 127.0.0.1 /static/h-ui/js/H-ui.js
INFO: [ app_init ] --START--
INFO: Run Behavior\BuildLiteBehavior [ RunTime:0.000031s ]
INFO: [ app_init ] --END-- [ RunTime:0.001160s ]
ERR: 无法加载模块:Static

[ 2017-06-08T15:34:29+08:00 ] 127.0.0.1 /static/h-ui.admin/js/H-ui.admin.page.js
INFO: [ app_init ] --START--
INFO: Run Behavior\BuildLiteBehavior [ RunTime:0.000029s ]
INFO: [ app_init ] --END-- [ RunTime:0.001086s ]
ERR: 无法加载模块:Static

[ 2017-06-08T15:34:29+08:00 ] 127.0.0.1 /static/h-ui/js/H-ui.js
INFO: [ app_init ] --START--
INFO: Run Behavior\BuildLiteBehavior [ RunTime:0.000030s ]
INFO: [ app_init ] --END-- [ RunTime:0.001174s ]
ERR: 无法加载模块:Static

[ 2017-06-08T15:34:29+08:00 ] 127.0.0.1 /static/h-ui/css/H-ui.min.css
INFO: [ app_init ] --START--
INFO: Run Behavior\BuildLiteBehavior [ RunTime:0.000038s ]
INFO: [ app_init ] --END-- [ RunTime:0.001092s ]
ERR: 无法加载模块:Static

[ 2017-06-08T15:34:29+08:00 ] 127.0.0.1 /static/h-ui.admin/css/H-ui.admin.css
INFO: [ app_init ] --START--
INFO: Run Behavior\BuildLiteBehavior [ RunTime:0.000028s ]
INFO: [ app_init ] --END-- [ RunTime:0.001030s ]
ERR: 无法加载模块:Static

[ 2017-06-08T15:34:29+08:00 ] 127.0.0.1 /lib/Hui-iconfont/1.0.8/iconfont.css
INFO: [ app_init ] --START--
INFO: Run Behavior\BuildLiteBehavior [ RunTime:0.000029s ]
INFO: [ app_init ] --END-- [ RunTime:0.001059s ]
ERR: 无法加载模块:Lib

[ 2017-06-08T15:34:29+08:00 ] 127.0.0.1 /static/h-ui.admin/skin/default/skin.css
INFO: [ app_init ] --START--
INFO: Run Behavior\BuildLiteBehavior [ RunTime:0.000037s ]
INFO: [ app_init ] --END-- [ RunTime:0.001062s ]
ERR: 无法加载模块:Static

[ 2017-06-08T15:34:29+08:00 ] 127.0.0.1 /static/h-ui.admin/css/style.css
INFO: [ app_init ] --START--
INFO: Run Behavior\BuildLiteBehavior [ RunTime:0.000066s ]
INFO: [ app_init ] --END-- [ RunTime:0.002063s ]
ERR: 无法加载模块:Static

[ 2017-06-08T15:34:29+08:00 ] 127.0.0.1 /lib/jquery/1.9.1/jquery.min.js
INFO: [ app_init ] --START--
INFO: Run Behavior\BuildLiteBehavior [ RunTime:0.000029s ]
INFO: [ app_init ] --END-- [ RunTime:0.001035s ]
ERR: 无法加载模块:Lib

[ 2017-06-08T15:34:29+08:00 ] 127.0.0.1 /lib/layer/2.4/layer.js
INFO: [ app_init ] --START--
INFO: Run Behavior\BuildLiteBehavior [ RunTime:0.000028s ]
INFO: [ app_init ] --END-- [ RunTime:0.001086s ]
ERR: 无法加载模块:Lib

[ 2017-06-08T15:34:29+08:00 ] 127.0.0.1 /static/h-ui/css/H-ui.min.css
INFO: [ app_init ] --START--
INFO: Run Behavior\BuildLiteBehavior [ RunTime:0.000029s ]
INFO: [ app_init ] --END-- [ RunTime:0.001038s ]
ERR: 无法加载模块:Static

[ 2017-06-08T15:34:29+08:00 ] 127.0.0.1 /static/h-ui.admin/css/H-ui.admin.css
INFO: [ app_init ] --START--
INFO: Run Behavior\BuildLiteBehavior [ RunTime:0.000029s ]
INFO: [ app_init ] --END-- [ RunTime:0.000989s ]
ERR: 无法加载模块:Static

[ 2017-06-08T15:34:29+08:00 ] 127.0.0.1 /lib/Hui-iconfont/1.0.8/iconfont.css
INFO: [ app_init ] --START--
INFO: Run Behavior\BuildLiteBehavior [ RunTime:0.000031s ]
INFO: [ app_init ] --END-- [ RunTime:0.001032s ]
ERR: 无法加载模块:Lib

[ 2017-06-08T15:34:29+08:00 ] 127.0.0.1 /static/h-ui.admin/skin/default/skin.css
INFO: [ app_init ] --START--
INFO: Run Behavior\BuildLiteBehavior [ RunTime:0.000027s ]
INFO: [ app_init ] --END-- [ RunTime:0.001111s ]
ERR: 无法加载模块:Static

[ 2017-06-08T15:34:29+08:00 ] 127.0.0.1 /lib/jquery/1.9.1/jquery.min.js
INFO: [ app_init ] --START--
INFO: Run Behavior\BuildLiteBehavior [ RunTime:0.000027s ]
INFO: [ app_init ] --END-- [ RunTime:0.000990s ]
ERR: 无法加载模块:Lib

[ 2017-06-08T15:34:29+08:00 ] 127.0.0.1 /static/h-ui.admin/css/style.css
INFO: [ app_init ] --START--
INFO: Run Behavior\BuildLiteBehavior [ RunTime:0.000026s ]
INFO: [ app_init ] --END-- [ RunTime:0.000999s ]
ERR: 无法加载模块:Static

[ 2017-06-08T15:34:30+08:00 ] 127.0.0.1 /lib/layer/2.4/layer.js
INFO: [ app_init ] --START--
INFO: Run Behavior\BuildLiteBehavior [ RunTime:0.000029s ]
INFO: [ app_init ] --END-- [ RunTime:0.001041s ]
ERR: 无法加载模块:Lib

[ 2017-06-08T15:34:30+08:00 ] 127.0.0.1 /static/h-ui/js/H-ui.js
INFO: [ app_init ] --START--
INFO: Run Behavior\BuildLiteBehavior [ RunTime:0.000029s ]
INFO: [ app_init ] --END-- [ RunTime:0.001102s ]
ERR: 无法加载模块:Static

[ 2017-06-08T15:34:30+08:00 ] 127.0.0.1 /static/h-ui.admin/js/H-ui.admin.page.js
INFO: [ app_init ] --START--
INFO: Run Behavior\BuildLiteBehavior [ RunTime:0.000028s ]
INFO: [ app_init ] --END-- [ RunTime:0.000991s ]
ERR: 无法加载模块:Static

[ 2017-06-08T15:35:47+08:00 ] 127.0.0.1 /static/h-ui/css/H-ui.min.css
INFO: [ app_init ] --START--
INFO: Run Behavior\BuildLiteBehavior [ RunTime:0.000028s ]
INFO: [ app_init ] --END-- [ RunTime:0.001006s ]
ERR: 无法加载模块:Static

[ 2017-06-08T15:35:47+08:00 ] 127.0.0.1 /static/h-ui.admin/css/H-ui.admin.css
INFO: [ app_init ] --START--
INFO: Run Behavior\BuildLiteBehavior [ RunTime:0.000028s ]
INFO: [ app_init ] --END-- [ RunTime:0.001046s ]
ERR: 无法加载模块:Static

[ 2017-06-08T15:35:47+08:00 ] 127.0.0.1 /lib/Hui-iconfont/1.0.8/iconfont.css
INFO: [ app_init ] --START--
INFO: Run Behavior\BuildLiteBehavior [ RunTime:0.000028s ]
INFO: [ app_init ] --END-- [ RunTime:0.001015s ]
ERR: 无法加载模块:Lib

[ 2017-06-08T15:35:47+08:00 ] 127.0.0.1 /static/h-ui.admin/skin/default/skin.css
INFO: [ app_init ] --START--
INFO: Run Behavior\BuildLiteBehavior [ RunTime:0.000028s ]
INFO: [ app_init ] --END-- [ RunTime:0.001041s ]
ERR: 无法加载模块:Static

[ 2017-06-08T15:35:47+08:00 ] 127.0.0.1 /static/h-ui.admin/css/style.css
INFO: [ app_init ] --START--
INFO: Run Behavior\BuildLiteBehavior [ RunTime:0.000028s ]
INFO: [ app_init ] --END-- [ RunTime:0.001034s ]
ERR: 无法加载模块:Static

[ 2017-06-08T15:35:47+08:00 ] 127.0.0.1 /lib/jquery/1.9.1/jquery.min.js
INFO: [ app_init ] --START--
INFO: Run Behavior\BuildLiteBehavior [ RunTime:0.000035s ]
INFO: [ app_init ] --END-- [ RunTime:0.001085s ]
ERR: 无法加载模块:Lib

[ 2017-06-08T15:35:47+08:00 ] 127.0.0.1 /lib/layer/2.4/layer.js
INFO: [ app_init ] --START--
INFO: Run Behavior\BuildLiteBehavior [ RunTime:0.000031s ]
INFO: [ app_init ] --END-- [ RunTime:0.001117s ]
ERR: 无法加载模块:Lib

[ 2017-06-08T15:35:47+08:00 ] 127.0.0.1 /static/h-ui/js/H-ui.js
INFO: [ app_init ] --START--
INFO: Run Behavior\BuildLiteBehavior [ RunTime:0.000029s ]
INFO: [ app_init ] --END-- [ RunTime:0.001027s ]
ERR: 无法加载模块:Static

[ 2017-06-08T15:35:47+08:00 ] 127.0.0.1 /static/h-ui.admin/js/H-ui.admin.page.js
INFO: [ app_init ] --START--
INFO: Run Behavior\BuildLiteBehavior [ RunTime:0.000029s ]
INFO: [ app_init ] --END-- [ RunTime:0.001015s ]
ERR: 无法加载模块:Static

[ 2017-06-08T15:35:48+08:00 ] 127.0.0.1 /static/h-ui/css/H-ui.min.css
INFO: [ app_init ] --START--
INFO: Run Behavior\BuildLiteBehavior [ RunTime:0.000029s ]
INFO: [ app_init ] --END-- [ RunTime:0.001063s ]
ERR: 无法加载模块:Static

[ 2017-06-08T15:35:48+08:00 ] 127.0.0.1 /static/h-ui.admin/css/H-ui.admin.css
INFO: [ app_init ] --START--
INFO: Run Behavior\BuildLiteBehavior [ RunTime:0.000027s ]
INFO: [ app_init ] --END-- [ RunTime:0.001077s ]
ERR: 无法加载模块:Static

[ 2017-06-08T15:35:48+08:00 ] 127.0.0.1 /lib/Hui-iconfont/1.0.8/iconfont.css
INFO: [ app_init ] --START--
INFO: Run Behavior\BuildLiteBehavior [ RunTime:0.000029s ]
INFO: [ app_init ] --END-- [ RunTime:0.001029s ]
ERR: 无法加载模块:Lib

[ 2017-06-08T15:35:48+08:00 ] 127.0.0.1 /static/h-ui.admin/skin/default/skin.css
INFO: [ app_init ] --START--
INFO: Run Behavior\BuildLiteBehavior [ RunTime:0.000027s ]
INFO: [ app_init ] --END-- [ RunTime:0.001094s ]
ERR: 无法加载模块:Static

[ 2017-06-08T15:35:48+08:00 ] 127.0.0.1 /static/h-ui.admin/css/style.css
INFO: [ app_init ] --START--
INFO: Run Behavior\BuildLiteBehavior [ RunTime:0.000028s ]
INFO: [ app_init ] --END-- [ RunTime:0.001008s ]
ERR: 无法加载模块:Static

[ 2017-06-08T15:35:48+08:00 ] 127.0.0.1 /lib/jquery/1.9.1/jquery.min.js
INFO: [ app_init ] --START--
INFO: Run Behavior\BuildLiteBehavior [ RunTime:0.000028s ]
INFO: [ app_init ] --END-- [ RunTime:0.001014s ]
ERR: 无法加载模块:Lib

[ 2017-06-08T15:35:49+08:00 ] 127.0.0.1 /lib/layer/2.4/layer.js
INFO: [ app_init ] --START--
INFO: Run Behavior\BuildLiteBehavior [ RunTime:0.000029s ]
INFO: [ app_init ] --END-- [ RunTime:0.001042s ]
ERR: 无法加载模块:Lib

[ 2017-06-08T15:35:49+08:00 ] 127.0.0.1 /static/h-ui/js/H-ui.js
INFO: [ app_init ] --START--
INFO: Run Behavior\BuildLiteBehavior [ RunTime:0.000028s ]
INFO: [ app_init ] --END-- [ RunTime:0.001170s ]
ERR: 无法加载模块:Static

[ 2017-06-08T15:35:49+08:00 ] 127.0.0.1 /static/h-ui.admin/js/H-ui.admin.page.js
INFO: [ app_init ] --START--
INFO: Run Behavior\BuildLiteBehavior [ RunTime:0.000028s ]
INFO: [ app_init ] --END-- [ RunTime:0.001079s ]
ERR: 无法加载模块:Static

[ 2017-06-08T15:35:49+08:00 ] 127.0.0.1 /static/h-ui/css/H-ui.min.css
INFO: [ app_init ] --START--
INFO: Run Behavior\BuildLiteBehavior [ RunTime:0.000028s ]
INFO: [ app_init ] --END-- [ RunTime:0.001044s ]
ERR: 无法加载模块:Static

[ 2017-06-08T15:35:49+08:00 ] 127.0.0.1 /static/h-ui.admin/css/H-ui.admin.css
INFO: [ app_init ] --START--
INFO: Run Behavior\BuildLiteBehavior [ RunTime:0.000027s ]
INFO: [ app_init ] --END-- [ RunTime:0.001092s ]
ERR: 无法加载模块:Static

[ 2017-06-08T15:35:49+08:00 ] 127.0.0.1 /lib/Hui-iconfont/1.0.8/iconfont.css
INFO: [ app_init ] --START--
INFO: Run Behavior\BuildLiteBehavior [ RunTime:0.000038s ]
INFO: [ app_init ] --END-- [ RunTime:0.001158s ]
ERR: 无法加载模块:Lib

[ 2017-06-08T15:35:49+08:00 ] 127.0.0.1 /static/h-ui.admin/skin/default/skin.css
INFO: [ app_init ] --START--
INFO: Run Behavior\BuildLiteBehavior [ RunTime:0.000027s ]
INFO: [ app_init ] --END-- [ RunTime:0.001031s ]
ERR: 无法加载模块:Static

[ 2017-06-08T15:35:50+08:00 ] 127.0.0.1 /static/h-ui.admin/css/style.css
INFO: [ app_init ] --START--
INFO: Run Behavior\BuildLiteBehavior [ RunTime:0.000027s ]
INFO: [ app_init ] --END-- [ RunTime:0.001084s ]
ERR: 无法加载模块:Static

[ 2017-06-08T15:35:50+08:00 ] 127.0.0.1 /lib/jquery/1.9.1/jquery.min.js
INFO: [ app_init ] --START--
INFO: Run Behavior\BuildLiteBehavior [ RunTime:0.000028s ]
INFO: [ app_init ] --END-- [ RunTime:0.001084s ]
ERR: 无法加载模块:Lib

[ 2017-06-08T15:35:50+08:00 ] 127.0.0.1 /lib/layer/2.4/layer.js
INFO: [ app_init ] --START--
INFO: Run Behavior\BuildLiteBehavior [ RunTime:0.000028s ]
INFO: [ app_init ] --END-- [ RunTime:0.001047s ]
ERR: 无法加载模块:Lib

[ 2017-06-08T15:35:50+08:00 ] 127.0.0.1 /static/h-ui/js/H-ui.js
INFO: [ app_init ] --START--
INFO: Run Behavior\BuildLiteBehavior [ RunTime:0.000033s ]
INFO: [ app_init ] --END-- [ RunTime:0.001120s ]
ERR: 无法加载模块:Static

[ 2017-06-08T15:35:50+08:00 ] 127.0.0.1 /static/h-ui.admin/js/H-ui.admin.page.js
INFO: [ app_init ] --START--
INFO: Run Behavior\BuildLiteBehavior [ RunTime:0.000026s ]
INFO: [ app_init ] --END-- [ RunTime:0.001078s ]
ERR: 无法加载模块:Static

[ 2017-06-08T15:47:00+08:00 ] 127.0.0.1 /static/h-ui/css/H-ui.min.css
INFO: [ app_init ] --START--
INFO: Run Behavior\BuildLiteBehavior [ RunTime:0.000028s ]
INFO: [ app_init ] --END-- [ RunTime:0.001077s ]
ERR: 无法加载模块:Static

[ 2017-06-08T15:47:00+08:00 ] 127.0.0.1 /static/h-ui.admin/css/H-ui.admin.css
INFO: [ app_init ] --START--
INFO: Run Behavior\BuildLiteBehavior [ RunTime:0.000028s ]
INFO: [ app_init ] --END-- [ RunTime:0.000980s ]
ERR: 无法加载模块:Static

[ 2017-06-08T15:47:00+08:00 ] 127.0.0.1 /lib/Hui-iconfont/1.0.8/iconfont.css
INFO: [ app_init ] --START--
INFO: Run Behavior\BuildLiteBehavior [ RunTime:0.000028s ]
INFO: [ app_init ] --END-- [ RunTime:0.001071s ]
ERR: 无法加载模块:Lib

[ 2017-06-08T15:47:00+08:00 ] 127.0.0.1 /static/h-ui.admin/skin/default/skin.css
INFO: [ app_init ] --START--
INFO: Run Behavior\BuildLiteBehavior [ RunTime:0.000028s ]
INFO: [ app_init ] --END-- [ RunTime:0.001007s ]
ERR: 无法加载模块:Static

[ 2017-06-08T15:47:00+08:00 ] 127.0.0.1 /static/h-ui.admin/css/style.css
INFO: [ app_init ] --START--
INFO: Run Behavior\BuildLiteBehavior [ RunTime:0.000028s ]
INFO: [ app_init ] --END-- [ RunTime:0.001086s ]
ERR: 无法加载模块:Static

[ 2017-06-08T15:47:00+08:00 ] 127.0.0.1 /lib/jquery/1.9.1/jquery.min.js
INFO: [ app_init ] --START--
INFO: Run Behavior\BuildLiteBehavior [ RunTime:0.000029s ]
INFO: [ app_init ] --END-- [ RunTime:0.000967s ]
ERR: 无法加载模块:Lib

[ 2017-06-08T15:47:00+08:00 ] 127.0.0.1 /lib/layer/2.4/layer.js
INFO: [ app_init ] --START--
INFO: Run Behavior\BuildLiteBehavior [ RunTime:0.000029s ]
INFO: [ app_init ] --END-- [ RunTime:0.001091s ]
ERR: 无法加载模块:Lib

[ 2017-06-08T15:47:00+08:00 ] 127.0.0.1 /static/h-ui/js/H-ui.js
INFO: [ app_init ] --START--
INFO: Run Behavior\BuildLiteBehavior [ RunTime:0.000038s ]
INFO: [ app_init ] --END-- [ RunTime:0.001068s ]
ERR: 无法加载模块:Static

[ 2017-06-08T15:47:00+08:00 ] 127.0.0.1 /static/h-ui.admin/js/H-ui.admin.page.js
INFO: [ app_init ] --START--
INFO: Run Behavior\BuildLiteBehavior [ RunTime:0.000029s ]
INFO: [ app_init ] --END-- [ RunTime:0.001096s ]
ERR: 无法加载模块:Static

[ 2017-06-08T15:49:13+08:00 ] 127.0.0.1 /lib/layer/2.4/layer.js
INFO: [ app_init ] --START--
INFO: Run Behavior\BuildLiteBehavior [ RunTime:0.000029s ]
INFO: [ app_init ] --END-- [ RunTime:0.000974s ]
ERR: 无法加载模块:Lib

[ 2017-06-08T15:49:13+08:00 ] 127.0.0.1 /static/h-ui/js/H-ui.js
INFO: [ app_init ] --START--
INFO: Run Behavior\BuildLiteBehavior [ RunTime:0.000028s ]
INFO: [ app_init ] --END-- [ RunTime:0.001002s ]
ERR: 无法加载模块:Static

[ 2017-06-08T15:49:13+08:00 ] 127.0.0.1 /static/h-ui.admin/js/H-ui.admin.page.js
INFO: [ app_init ] --START--
INFO: Run Behavior\BuildLiteBehavior [ RunTime:0.000030s ]
INFO: [ app_init ] --END-- [ RunTime:0.001061s ]
ERR: 无法加载模块:Static

[ 2017-06-08T15:49:14+08:00 ] 127.0.0.1 /lib/jquery/1.9.1/jquery.min.js
INFO: [ app_init ] --START--
INFO: Run Behavior\BuildLiteBehavior [ RunTime:0.000029s ]
INFO: [ app_init ] --END-- [ RunTime:0.001043s ]
ERR: 无法加载模块:Lib

[ 2017-06-08T15:49:14+08:00 ] 127.0.0.1 /lib/layer/2.4/layer.js
INFO: [ app_init ] --START--
INFO: Run Behavior\BuildLiteBehavior [ RunTime:0.000029s ]
INFO: [ app_init ] --END-- [ RunTime:0.001096s ]
ERR: 无法加载模块:Lib

[ 2017-06-08T15:49:14+08:00 ] 127.0.0.1 /static/h-ui/js/H-ui.js
INFO: [ app_init ] --START--
INFO: Run Behavior\BuildLiteBehavior [ RunTime:0.000028s ]
INFO: [ app_init ] --END-- [ RunTime:0.001097s ]
ERR: 无法加载模块:Static

[ 2017-06-08T15:49:14+08:00 ] 127.0.0.1 /static/h-ui.admin/js/H-ui.admin.page.js
INFO: [ app_init ] --START--
INFO: Run Behavior\BuildLiteBehavior [ RunTime:0.000029s ]
INFO: [ app_init ] --END-- [ RunTime:0.001088s ]
ERR: 无法加载模块:Static

[ 2017-06-08T15:49:36+08:00 ] 127.0.0.1 /lib/jquery/1.9.1/jquery.min.js
INFO: [ app_init ] --START--
INFO: Run Behavior\BuildLiteBehavior [ RunTime:0.000028s ]
INFO: [ app_init ] --END-- [ RunTime:0.001048s ]
ERR: 无法加载模块:Lib

[ 2017-06-08T15:49:36+08:00 ] 127.0.0.1 /lib/layer/2.4/layer.js
INFO: [ app_init ] --START--
INFO: Run Behavior\BuildLiteBehavior [ RunTime:0.000029s ]
INFO: [ app_init ] --END-- [ RunTime:0.000981s ]
ERR: 无法加载模块:Lib

[ 2017-06-08T15:49:36+08:00 ] 127.0.0.1 /static/h-ui/js/H-ui.js
INFO: [ app_init ] --START--
INFO: Run Behavior\BuildLiteBehavior [ RunTime:0.000028s ]
INFO: [ app_init ] --END-- [ RunTime:0.001028s ]
ERR: 无法加载模块:Static

[ 2017-06-08T15:49:36+08:00 ] 127.0.0.1 /static/h-ui.admin/js/H-ui.admin.page.js
INFO: [ app_init ] --START--
INFO: Run Behavior\BuildLiteBehavior [ RunTime:0.000029s ]
INFO: [ app_init ] --END-- [ RunTime:0.001049s ]
ERR: 无法加载模块:Static

[ 2017-06-08T15:49:36+08:00 ] 127.0.0.1 /lib/layer/2.4/layer.js
INFO: [ app_init ] --START--
INFO: Run Behavior\BuildLiteBehavior [ RunTime:0.000037s ]
INFO: [ app_init ] --END-- [ RunTime:0.001052s ]
ERR: 无法加载模块:Lib

[ 2017-06-08T15:49:36+08:00 ] 127.0.0.1 /static/h-ui/js/H-ui.js
INFO: [ app_init ] --START--
INFO: Run Behavior\BuildLiteBehavior [ RunTime:0.000029s ]
INFO: [ app_init ] --END-- [ RunTime:0.001036s ]
ERR: 无法加载模块:Static

[ 2017-06-08T15:49:36+08:00 ] 127.0.0.1 /static/h-ui.admin/js/H-ui.admin.page.js
INFO: [ app_init ] --START--
INFO: Run Behavior\BuildLiteBehavior [ RunTime:0.000028s ]
INFO: [ app_init ] --END-- [ RunTime:0.001034s ]
ERR: 无法加载模块:Static

[ 2017-06-08T15:50:29+08:00 ] 127.0.0.1 /lib/jquery/1.9.1/jquery.min.js
INFO: [ app_init ] --START--
INFO: Run Behavior\BuildLiteBehavior [ RunTime:0.000028s ]
INFO: [ app_init ] --END-- [ RunTime:0.001004s ]
ERR: 无法加载模块:Lib

[ 2017-06-08T15:50:29+08:00 ] 127.0.0.1 /lib/layer/2.4/layer.js
INFO: [ app_init ] --START--
INFO: Run Behavior\BuildLiteBehavior [ RunTime:0.000035s ]
INFO: [ app_init ] --END-- [ RunTime:0.001162s ]
ERR: 无法加载模块:Lib

[ 2017-06-08T15:50:29+08:00 ] 127.0.0.1 /static/h-ui/js/H-ui.js
INFO: [ app_init ] --START--
INFO: Run Behavior\BuildLiteBehavior [ RunTime:0.000028s ]
INFO: [ app_init ] --END-- [ RunTime:0.001019s ]
ERR: 无法加载模块:Static

[ 2017-06-08T15:50:29+08:00 ] 127.0.0.1 /static/h-ui.admin/js/H-ui.admin.page.js
INFO: [ app_init ] --START--
INFO: Run Behavior\BuildLiteBehavior [ RunTime:0.000029s ]
INFO: [ app_init ] --END-- [ RunTime:0.001041s ]
ERR: 无法加载模块:Static

[ 2017-06-08T15:50:29+08:00 ] 127.0.0.1 /static/h-ui/js/H-ui.js
INFO: [ app_init ] --START--
INFO: Run Behavior\BuildLiteBehavior [ RunTime:0.000035s ]
INFO: [ app_init ] --END-- [ RunTime:0.001106s ]
ERR: 无法加载模块:Static

[ 2017-06-08T15:50:29+08:00 ] 127.0.0.1 /static/h-ui.admin/js/H-ui.admin.page.js
INFO: [ app_init ] --START--
INFO: Run Behavior\BuildLiteBehavior [ RunTime:0.000028s ]
INFO: [ app_init ] --END-- [ RunTime:0.001132s ]
ERR: 无法加载模块:Static

[ 2017-06-08T15:50:30+08:00 ] 127.0.0.1 /lib/jquery/1.9.1/jquery.min.js
INFO: [ app_init ] --START--
INFO: Run Behavior\BuildLiteBehavior [ RunTime:0.000032s ]
INFO: [ app_init ] --END-- [ RunTime:0.001024s ]
ERR: 无法加载模块:Lib

[ 2017-06-08T15:50:30+08:00 ] 127.0.0.1 /lib/layer/2.4/layer.js
INFO: [ app_init ] --START--
INFO: Run Behavior\BuildLiteBehavior [ RunTime:0.000029s ]
INFO: [ app_init ] --END-- [ RunTime:0.000989s ]
ERR: 无法加载模块:Lib

[ 2017-06-08T15:50:30+08:00 ] 127.0.0.1 /static/h-ui/js/H-ui.js
INFO: [ app_init ] --START--
INFO: Run Behavior\BuildLiteBehavior [ RunTime:0.000028s ]
INFO: [ app_init ] --END-- [ RunTime:0.000957s ]
ERR: 无法加载模块:Static

[ 2017-06-08T15:50:30+08:00 ] 127.0.0.1 /static/h-ui.admin/js/H-ui.admin.page.js
INFO: [ app_init ] --START--
INFO: Run Behavior\BuildLiteBehavior [ RunTime:0.000032s ]
INFO: [ app_init ] --END-- [ RunTime:0.001171s ]
ERR: 无法加载模块:Static

[ 2017-06-08T15:50:30+08:00 ] 127.0.0.1 /static/h-ui/js/H-ui.js
INFO: [ app_init ] --START--
INFO: Run Behavior\BuildLiteBehavior [ RunTime:0.000037s ]
INFO: [ app_init ] --END-- [ RunTime:0.001066s ]
ERR: 无法加载模块:Static

[ 2017-06-08T15:50:30+08:00 ] 127.0.0.1 /static/h-ui.admin/js/H-ui.admin.page.js
INFO: [ app_init ] --START--
INFO: Run Behavior\BuildLiteBehavior [ RunTime:0.000028s ]
INFO: [ app_init ] --END-- [ RunTime:0.001011s ]
ERR: 无法加载模块:Static

[ 2017-06-08T15:50:46+08:00 ] 127.0.0.1 /lib/jquery/1.9.1/jquery.min.js
INFO: [ app_init ] --START--
INFO: Run Behavior\BuildLiteBehavior [ RunTime:0.000028s ]
INFO: [ app_init ] --END-- [ RunTime:0.001014s ]
ERR: 无法加载模块:Lib

[ 2017-06-08T15:50:46+08:00 ] 127.0.0.1 /lib/layer/2.4/layer.js
INFO: [ app_init ] --START--
INFO: Run Behavior\BuildLiteBehavior [ RunTime:0.000028s ]
INFO: [ app_init ] --END-- [ RunTime:0.001015s ]
ERR: 无法加载模块:Lib

[ 2017-06-08T15:50:46+08:00 ] 127.0.0.1 /static/h-ui/js/H-ui.js
INFO: [ app_init ] --START--
INFO: Run Behavior\BuildLiteBehavior [ RunTime:0.000028s ]
INFO: [ app_init ] --END-- [ RunTime:0.001027s ]
ERR: 无法加载模块:Static

[ 2017-06-08T15:50:46+08:00 ] 127.0.0.1 /static/h-ui.admin/js/H-ui.admin.page.js
INFO: [ app_init ] --START--
INFO: Run Behavior\BuildLiteBehavior [ RunTime:0.000040s ]
INFO: [ app_init ] --END-- [ RunTime:0.001476s ]
ERR: 无法加载模块:Static

[ 2017-06-08T15:50:46+08:00 ] 127.0.0.1 /lib/layer/2.4/layer.js
INFO: [ app_init ] --START--
INFO: Run Behavior\BuildLiteBehavior [ RunTime:0.000028s ]
INFO: [ app_init ] --END-- [ RunTime:0.001079s ]
ERR: 无法加载模块:Lib

[ 2017-06-08T15:50:46+08:00 ] 127.0.0.1 /static/h-ui/js/H-ui.js
INFO: [ app_init ] --START--
INFO: Run Behavior\BuildLiteBehavior [ RunTime:0.000027s ]
INFO: [ app_init ] --END-- [ RunTime:0.000984s ]
ERR: 无法加载模块:Static

[ 2017-06-08T15:50:46+08:00 ] 127.0.0.1 /static/h-ui.admin/js/H-ui.admin.page.js
INFO: [ app_init ] --START--
INFO: Run Behavior\BuildLiteBehavior [ RunTime:0.000029s ]
INFO: [ app_init ] --END-- [ RunTime:0.001026s ]
ERR: 无法加载模块:Static

[ 2017-06-08T15:50:59+08:00 ] 127.0.0.1 /Style/static/h-ui/css/H-ui.min.css
INFO: [ app_init ] --START--
INFO: Run Behavior\BuildLiteBehavior [ RunTime:0.000029s ]
INFO: [ app_init ] --END-- [ RunTime:0.000946s ]
ERR: 无法加载模块:Style

[ 2017-06-08T15:50:59+08:00 ] 127.0.0.1 /lib/jquery/1.9.1/jquery.min.js
INFO: [ app_init ] --START--
INFO: Run Behavior\BuildLiteBehavior [ RunTime:0.000027s ]
INFO: [ app_init ] --END-- [ RunTime:0.000952s ]
ERR: 无法加载模块:Lib

[ 2017-06-08T15:50:59+08:00 ] 127.0.0.1 /lib/layer/2.4/layer.js
INFO: [ app_init ] --START--
INFO: Run Behavior\BuildLiteBehavior [ RunTime:0.000029s ]
INFO: [ app_init ] --END-- [ RunTime:0.000964s ]
ERR: 无法加载模块:Lib

[ 2017-06-08T15:50:59+08:00 ] 127.0.0.1 /static/h-ui/js/H-ui.js
INFO: [ app_init ] --START--
INFO: Run Behavior\BuildLiteBehavior [ RunTime:0.000040s ]
INFO: [ app_init ] --END-- [ RunTime:0.001131s ]
ERR: 无法加载模块:Static

[ 2017-06-08T15:50:59+08:00 ] 127.0.0.1 /static/h-ui.admin/js/H-ui.admin.page.js
INFO: [ app_init ] --START--
INFO: Run Behavior\BuildLiteBehavior [ RunTime:0.000030s ]
INFO: [ app_init ] --END-- [ RunTime:0.001044s ]
ERR: 无法加载模块:Static

[ 2017-06-08T15:50:59+08:00 ] 127.0.0.1 /lib/layer/2.4/layer.js
INFO: [ app_init ] --START--
INFO: Run Behavior\BuildLiteBehavior [ RunTime:0.000027s ]
INFO: [ app_init ] --END-- [ RunTime:0.000952s ]
ERR: 无法加载模块:Lib

[ 2017-06-08T15:50:59+08:00 ] 127.0.0.1 /static/h-ui/js/H-ui.js
INFO: [ app_init ] --START--
INFO: Run Behavior\BuildLiteBehavior [ RunTime:0.000035s ]
INFO: [ app_init ] --END-- [ RunTime:0.001102s ]
ERR: 无法加载模块:Static

[ 2017-06-08T15:50:59+08:00 ] 127.0.0.1 /static/h-ui.admin/js/H-ui.admin.page.js
INFO: [ app_init ] --START--
INFO: Run Behavior\BuildLiteBehavior [ RunTime:0.000029s ]
INFO: [ app_init ] --END-- [ RunTime:0.001012s ]
ERR: 无法加载模块:Static

[ 2017-06-08T15:51:09+08:00 ] 127.0.0.1 /lib/layer/2.4/layer.js
INFO: [ app_init ] --START--
INFO: Run Behavior\BuildLiteBehavior [ RunTime:0.000028s ]
INFO: [ app_init ] --END-- [ RunTime:0.001022s ]
ERR: 无法加载模块:Lib

[ 2017-06-08T15:51:09+08:00 ] 127.0.0.1 /lib/jquery/1.9.1/jquery.min.js
INFO: [ app_init ] --START--
INFO: Run Behavior\BuildLiteBehavior [ RunTime:0.000027s ]
INFO: [ app_init ] --END-- [ RunTime:0.001031s ]
ERR: 无法加载模块:Lib

[ 2017-06-08T15:51:09+08:00 ] 127.0.0.1 /static/h-ui/js/H-ui.js
INFO: [ app_init ] --START--
INFO: Run Behavior\BuildLiteBehavior [ RunTime:0.000029s ]
INFO: [ app_init ] --END-- [ RunTime:0.001005s ]
ERR: 无法加载模块:Static

[ 2017-06-08T15:51:09+08:00 ] 127.0.0.1 /static/h-ui.admin/js/H-ui.admin.page.js
INFO: [ app_init ] --START--
INFO: Run Behavior\BuildLiteBehavior [ RunTime:0.000028s ]
INFO: [ app_init ] --END-- [ RunTime:0.001059s ]
ERR: 无法加载模块:Static

[ 2017-06-08T15:51:09+08:00 ] 127.0.0.1 /lib/layer/2.4/layer.js
INFO: [ app_init ] --START--
INFO: Run Behavior\BuildLiteBehavior [ RunTime:0.000027s ]
INFO: [ app_init ] --END-- [ RunTime:0.001081s ]
ERR: 无法加载模块:Lib

[ 2017-06-08T15:51:09+08:00 ] 127.0.0.1 /static/h-ui/js/H-ui.js
INFO: [ app_init ] --START--
INFO: Run Behavior\BuildLiteBehavior [ RunTime:0.000028s ]
INFO: [ app_init ] --END-- [ RunTime:0.001032s ]
ERR: 无法加载模块:Static

[ 2017-06-08T15:51:09+08:00 ] 127.0.0.1 /static/h-ui.admin/js/H-ui.admin.page.js
INFO: [ app_init ] --START--
INFO: Run Behavior\BuildLiteBehavior [ RunTime:0.000027s ]
INFO: [ app_init ] --END-- [ RunTime:0.001090s ]
ERR: 无法加载模块:Static

[ 2017-06-08T16:09:31+08:00 ] 127.0.0.1 /lib/jquery/1.9.1/jquery.min.js
INFO: [ app_init ] --START--
INFO: Run Behavior\BuildLiteBehavior [ RunTime:0.000032s ]
INFO: [ app_init ] --END-- [ RunTime:0.001041s ]
ERR: 无法加载模块:Lib

[ 2017-06-08T16:09:31+08:00 ] 127.0.0.1 /lib/layer/2.4/layer.js
INFO: [ app_init ] --START--
INFO: Run Behavior\BuildLiteBehavior [ RunTime:0.000027s ]
INFO: [ app_init ] --END-- [ RunTime:0.001003s ]
ERR: 无法加载模块:Lib

[ 2017-06-08T16:09:31+08:00 ] 127.0.0.1 /static/h-ui/js/H-ui.js
INFO: [ app_init ] --START--
INFO: Run Behavior\BuildLiteBehavior [ RunTime:0.000030s ]
INFO: [ app_init ] --END-- [ RunTime:0.001289s ]
ERR: 无法加载模块:Static

[ 2017-06-08T16:09:31+08:00 ] 127.0.0.1 /static/h-ui.admin/js/H-ui.admin.page.js
INFO: [ app_init ] --START--
INFO: Run Behavior\BuildLiteBehavior [ RunTime:0.000028s ]
INFO: [ app_init ] --END-- [ RunTime:0.001029s ]
ERR: 无法加载模块:Static

[ 2017-06-08T16:09:31+08:00 ] 127.0.0.1 /lib/layer/2.4/layer.js
INFO: [ app_init ] --START--
INFO: Run Behavior\BuildLiteBehavior [ RunTime:0.000028s ]
INFO: [ app_init ] --END-- [ RunTime:0.000992s ]
ERR: 无法加载模块:Lib

[ 2017-06-08T16:09:31+08:00 ] 127.0.0.1 /static/h-ui/js/H-ui.js
INFO: [ app_init ] --START--
INFO: Run Behavior\BuildLiteBehavior [ RunTime:0.000033s ]
INFO: [ app_init ] --END-- [ RunTime:0.000991s ]
ERR: 无法加载模块:Static

[ 2017-06-08T16:09:31+08:00 ] 127.0.0.1 /static/h-ui.admin/js/H-ui.admin.page.js
INFO: [ app_init ] --START--
INFO: Run Behavior\BuildLiteBehavior [ RunTime:0.000029s ]
INFO: [ app_init ] --END-- [ RunTime:0.001013s ]
ERR: 无法加载模块:Static

[ 2017-06-08T16:13:13+08:00 ] 127.0.0.1 /lib/jquery/1.9.1/jquery.min.js
INFO: [ app_init ] --START--
INFO: Run Behavior\BuildLiteBehavior [ RunTime:0.000029s ]
INFO: [ app_init ] --END-- [ RunTime:0.001100s ]
ERR: 无法加载模块:Lib

[ 2017-06-08T16:13:13+08:00 ] 127.0.0.1 /lib/layer/2.4/layer.js
INFO: [ app_init ] --START--
INFO: Run Behavior\BuildLiteBehavior [ RunTime:0.000028s ]
INFO: [ app_init ] --END-- [ RunTime:0.001016s ]
ERR: 无法加载模块:Lib

[ 2017-06-08T16:13:13+08:00 ] 127.0.0.1 /static/h-ui/js/H-ui.js
INFO: [ app_init ] --START--
INFO: Run Behavior\BuildLiteBehavior [ RunTime:0.000029s ]
INFO: [ app_init ] --END-- [ RunTime:0.000996s ]
ERR: 无法加载模块:Static

[ 2017-06-08T16:13:13+08:00 ] 127.0.0.1 /static/h-ui.admin/js/H-ui.admin.page.js
INFO: [ app_init ] --START--
INFO: Run Behavior\BuildLiteBehavior [ RunTime:0.000030s ]
INFO: [ app_init ] --END-- [ RunTime:0.001138s ]
ERR: 无法加载模块:Static

[ 2017-06-08T16:13:14+08:00 ] 127.0.0.1 /lib/layer/2.4/layer.js
INFO: [ app_init ] --START--
INFO: Run Behavior\BuildLiteBehavior [ RunTime:0.000028s ]
INFO: [ app_init ] --END-- [ RunTime:0.001036s ]
ERR: 无法加载模块:Lib

[ 2017-06-08T16:13:14+08:00 ] 127.0.0.1 /static/h-ui/js/H-ui.js
INFO: [ app_init ] --START--
INFO: Run Behavior\BuildLiteBehavior [ RunTime:0.000029s ]
INFO: [ app_init ] --END-- [ RunTime:0.001110s ]
ERR: 无法加载模块:Static

[ 2017-06-08T16:13:14+08:00 ] 127.0.0.1 /static/h-ui.admin/js/H-ui.admin.page.js
INFO: [ app_init ] --START--
INFO: Run Behavior\BuildLiteBehavior [ RunTime:0.000028s ]
INFO: [ app_init ] --END-- [ RunTime:0.001038s ]
ERR: 无法加载模块:Static

[ 2017-06-08T17:12:00+08:00 ] 127.0.0.1 /static/h-ui/css/H-ui.login.css
ERR: 无法加载模块:Static

[ 2017-06-08T17:12:00+08:00 ] 127.0.0.1 /static/h-ui/css/H-ui.min.css
ERR: 无法加载模块:Static

[ 2017-06-08T17:12:00+08:00 ] 127.0.0.1 /lib/Hui-iconfont/1.0.8/iconfont.css
ERR: 无法加载模块:Lib

[ 2017-06-08T17:12:00+08:00 ] 127.0.0.1 /static/h-ui.admin/css/style.css
ERR: 无法加载模块:Static

[ 2017-06-08T17:12:00+08:00 ] 127.0.0.1 /lib/jquery/1.9.1/jquery.min.js
ERR: 无法加载模块:Lib

[ 2017-06-08T17:12:00+08:00 ] 127.0.0.1 /static/h-ui/js/H-ui.js
ERR: 无法加载模块:Static

[ 2017-06-08T17:12:00+08:00 ] 127.0.0.1 /images/VerifyCode.aspx.png
ERR: 无法加载模块:Images

[ 2017-06-08T17:19:31+08:00 ] 127.0.0.1 /images/VerifyCode.aspx.png
ERR: 无法加载模块:Images

[ 2017-06-08T17:19:31+08:00 ] 127.0.0.1 /static/h-ui/css/H-ui.min.css
ERR: 无法加载模块:Static

[ 2017-06-08T17:19:31+08:00 ] 127.0.0.1 /static/h-ui/css/H-ui.login.css
ERR: 无法加载模块:Static

[ 2017-06-08T17:19:31+08:00 ] 127.0.0.1 /lib/Hui-iconfont/1.0.8/iconfont.css
ERR: 无法加载模块:Lib

[ 2017-06-08T17:19:31+08:00 ] 127.0.0.1 /static/h-ui.admin/css/style.css
ERR: 无法加载模块:Static

[ 2017-06-08T17:19:31+08:00 ] 127.0.0.1 /lib/jquery/1.9.1/jquery.min.js
ERR: 无法加载模块:Lib

[ 2017-06-08T17:19:31+08:00 ] 127.0.0.1 /static/h-ui/js/H-ui.js
ERR: 无法加载模块:Static

[ 2017-06-08T17:30:02+08:00 ] 127.0.0.1 /Public/Style/static/h-ui/css/H-ui.login.css
ERR: 无法加载模块:Public

[ 2017-06-08T17:30:02+08:00 ] 127.0.0.1 /images/VerifyCode.aspx.png
ERR: 无法加载模块:Images

[ 2017-06-08T17:30:07+08:00 ] 127.0.0.1 /Public/Style/static/h-ui/css/H-ui.login.css
ERR: 无法加载模块:Public

[ 2017-06-08T17:30:07+08:00 ] 127.0.0.1 /images/VerifyCode.aspx.png
ERR: 无法加载模块:Images

[ 2017-06-08T17:30:24+08:00 ] 127.0.0.1 /Public/Style/static/h-ui/css/H-ui.login.css
ERR: 无法加载模块:Public

[ 2017-06-08T17:30:24+08:00 ] 127.0.0.1 /images/VerifyCode.aspx.png
ERR: 无法加载模块:Images

[ 2017-06-08T17:31:46+08:00 ] 127.0.0.1 /Public/Style/static/h-ui/css/H-ui.login.css
ERR: 无法加载模块:Public

[ 2017-06-08T17:31:46+08:00 ] 127.0.0.1 /images/VerifyCode.aspx.png
ERR: 无法加载模块:Images

[ 2017-06-08T17:31:49+08:00 ] 127.0.0.1 /index.html
ERR: 无法加载模块:Index

[ 2017-06-08T17:31:50+08:00 ] 127.0.0.1 /images/VerifyCode.aspx.png
ERR: 无法加载模块:Images

[ 2017-06-08T17:31:57+08:00 ] 127.0.0.1 /index.html
ERR: 无法加载模块:Index

[ 2017-06-08T17:31:59+08:00 ] 127.0.0.1 /images/VerifyCode.aspx.png
ERR: 无法加载模块:Images

[ 2017-06-08T17:56:59+08:00 ] 127.0.0.1 /index.html
ERR: 无法加载模块:Index

[ 2017-06-08T17:57:09+08:00 ] 127.0.0.1 /images/VerifyCode.aspx.png
ERR: 无法加载模块:Images

[ 2017-06-08T17:57:12+08:00 ] 127.0.0.1 /index.html
ERR: 无法加载模块:Index

[ 2017-06-08T17:57:14+08:00 ] 127.0.0.1 /images/VerifyCode.aspx.png
ERR: 无法加载模块:Images

[ 2017-06-08T17:59:49+08:00 ] 127.0.0.1 /index.html
ERR: 无法加载模块:Index

[ 2017-06-08T18:00:04+08:00 ] 127.0.0.1 /images/VerifyCode.aspx.png
ERR: 无法加载模块:Images

[ 2017-06-08T18:00:20+08:00 ] 127.0.0.1 /index.html
ERR: 无法加载模块:Index

[ 2017-06-08T18:01:35+08:00 ] 127.0.0.1 /images/VerifyCode.aspx.png
ERR: 无法加载模块:Images

[ 2017-06-08T18:02:15+08:00 ] 127.0.0.1 /Public/Style/static/h-ui/css/H-ui.login.css
ERR: 无法加载模块:Public

[ 2017-06-08T18:02:15+08:00 ] 127.0.0.1 /images/VerifyCode.aspx.png
ERR: 无法加载模块:Images

[ 2017-06-08T18:02:15+08:00 ] 127.0.0.1 /Public/Style/static/h-ui/css/H-ui.login.css
ERR: 无法加载模块:Public

[ 2017-06-08T18:02:16+08:00 ] 127.0.0.1 /images/VerifyCode.aspx.png
ERR: 无法加载模块:Images

[ 2017-06-08T18:02:20+08:00 ] 127.0.0.1 /Public/Style/static/h-ui/css/H-ui.login.css
ERR: 无法加载模块:Public

[ 2017-06-08T18:02:20+08:00 ] 127.0.0.1 /images/VerifyCode.aspx.png
ERR: 无法加载模块:Images

[ 2017-06-08T18:03:55+08:00 ] 127.0.0.1 /Public/Style/static/h-ui/css/H-ui.login.css
ERR: 无法加载模块:Public

[ 2017-06-08T18:03:55+08:00 ] 127.0.0.1 /images/VerifyCode.aspx.png
ERR: 无法加载模块:Images

[ 2017-06-08T18:04:30+08:00 ] 127.0.0.1 /images/VerifyCode.aspx.png
ERR: 无法加载模块:Images

[ 2017-06-08T18:04:32+08:00 ] 127.0.0.1 /Public/Style/static/h-ui/css/H-ui.login.css
ERR: 无法加载模块:Public

[ 2017-06-08T18:04:33+08:00 ] 127.0.0.1 /images/VerifyCode.aspx.png
ERR: 无法加载模块:Images

[ 2017-06-08T18:05:05+08:00 ] 127.0.0.1 /images/VerifyCode.aspx.png
ERR: 无法加载模块:Images

[ 2017-06-08T18:05:07+08:00 ] 127.0.0.1 /Public/Style/static/h-ui/css/H-ui.login.css
ERR: 无法加载模块:Public

[ 2017-06-08T18:05:07+08:00 ] 127.0.0.1 /images/VerifyCode.aspx.png
ERR: 无法加载模块:Images

[ 2017-06-08T18:07:54+08:00 ] 127.0.0.1 /images/VerifyCode.aspx.png
ERR: 无法加载模块:Images

[ 2017-06-08T18:07:56+08:00 ] 127.0.0.1 /Public/Style/static/h-ui/css/H-ui.login.css
ERR: 无法加载模块:Public

[ 2017-06-08T18:07:56+08:00 ] 127.0.0.1 /images/VerifyCode.aspx.png
ERR: 无法加载模块:Images

[ 2017-06-08T18:08:50+08:00 ] 127.0.0.1 /images/VerifyCode.aspx.png
ERR: 无法加载模块:Images

[ 2017-06-08T18:08:53+08:00 ] 127.0.0.1 /Public/Style/static/h-ui/css/H-ui.login.css
ERR: 无法加载模块:Public

[ 2017-06-08T18:08:53+08:00 ] 127.0.0.1 /images/VerifyCode.aspx.png
ERR: 无法加载模块:Images

[ 2017-06-08T18:10:01+08:00 ] 127.0.0.1 /images/VerifyCode.aspx.png
ERR: 无法加载模块:Images

[ 2017-06-08T18:10:04+08:00 ] 127.0.0.1 /Public/Style/static/h-ui/css/H-ui.login.css
ERR: 无法加载模块:Public

[ 2017-06-08T18:10:04+08:00 ] 127.0.0.1 /images/VerifyCode.aspx.png
ERR: 无法加载模块:Images

[ 2017-06-08T18:10:06+08:00 ] 127.0.0.1 /images/VerifyCode.aspx.png
ERR: 无法加载模块:Images

