[ 2017-07-07T09:55:59+08:00 ] 113.116.140.146 /favicon.ico
INFO: [ app_init ] --START--
INFO: Run Behavior\BuildLiteBehavior [ RunTime:0.000016s ]
INFO: [ app_init ] --END-- [ RunTime:0.000401s ]
ERR: 无法加载模块:Favicon

[ 2017-07-07T09:55:59+08:00 ] 113.116.140.146 /favicon.ico
INFO: [ app_init ] --START--
INFO: Run Behavior\BuildLiteBehavior [ RunTime:0.000016s ]
INFO: [ app_init ] --END-- [ RunTime:0.000468s ]
ERR: 无法加载模块:Favicon

[ 2017-07-07T11:09:04+08:00 ] 113.116.140.146 /Public/Style/lib/jquery/1.9.1/jquery.min.map
INFO: [ app_init ] --START--
INFO: Run Behavior\BuildLiteBehavior [ RunTime:0.000016s ]
INFO: [ app_init ] --END-- [ RunTime:0.000351s ]
ERR: 无法加载模块:Public

[ 2017-07-07T11:12:33+08:00 ] 113.116.140.146 /Public/Style/lib/jquery/1.9.1/jquery.min.map
INFO: [ app_init ] --START--
INFO: Run Behavior\BuildLiteBehavior [ RunTime:0.000019s ]
INFO: [ app_init ] --END-- [ RunTime:0.000396s ]
ERR: 无法加载模块:Public

[ 2017-07-07T11:13:29+08:00 ] 113.116.140.146 /Public/Style/lib/jquery/1.9.1/jquery.min.map
INFO: [ app_init ] --START--
INFO: Run Behavior\BuildLiteBehavior [ RunTime:0.000016s ]
INFO: [ app_init ] --END-- [ RunTime:0.000366s ]
ERR: 无法加载模块:Public

[ 2017-07-07T11:15:10+08:00 ] 113.116.140.146 /Public/Style/lib/jquery/1.9.1/jquery.min.map
INFO: [ app_init ] --START--
INFO: Run Behavior\BuildLiteBehavior [ RunTime:0.000016s ]
INFO: [ app_init ] --END-- [ RunTime:0.000364s ]
ERR: 无法加载模块:Public

[ 2017-07-07T11:16:02+08:00 ] 113.116.140.146 /Public/Style/lib/jquery/1.9.1/jquery.min.map
INFO: [ app_init ] --START--
INFO: Run Behavior\BuildLiteBehavior [ RunTime:0.000017s ]
INFO: [ app_init ] --END-- [ RunTime:0.000354s ]
ERR: 无法加载模块:Public

[ 2017-07-07T11:17:11+08:00 ] 113.116.140.146 /Public/Style/lib/jquery/1.9.1/jquery.min.map
INFO: [ app_init ] --START--
INFO: Run Behavior\BuildLiteBehavior [ RunTime:0.000019s ]
INFO: [ app_init ] --END-- [ RunTime:0.000422s ]
ERR: 无法加载模块:Public

[ 2017-07-07T11:21:12+08:00 ] 113.116.140.146 /Public/Style/lib/jquery/1.9.1/jquery.min.map
INFO: [ app_init ] --START--
INFO: Run Behavior\BuildLiteBehavior [ RunTime:0.000016s ]
INFO: [ app_init ] --END-- [ RunTime:0.000339s ]
ERR: 无法加载模块:Public

[ 2017-07-07T11:21:31+08:00 ] 113.116.140.146 /Public/Style/lib/jquery/1.9.1/jquery.min.map
INFO: [ app_init ] --START--
INFO: Run Behavior\BuildLiteBehavior [ RunTime:0.000024s ]
INFO: [ app_init ] --END-- [ RunTime:0.000469s ]
ERR: 无法加载模块:Public

[ 2017-07-07T11:23:17+08:00 ] 113.116.140.146 /Public/Style/lib/jquery/1.9.1/jquery.min.map
INFO: [ app_init ] --START--
INFO: Run Behavior\BuildLiteBehavior [ RunTime:0.000016s ]
INFO: [ app_init ] --END-- [ RunTime:0.000378s ]
ERR: 无法加载模块:Public

[ 2017-07-07T11:37:50+08:00 ] 113.116.140.146 /Upload/HeadPortrait/20170707/Upload/HeadPortrait/2
INFO: [ app_init ] --START--
INFO: Run Behavior\BuildLiteBehavior [ RunTime:0.000019s ]
INFO: [ app_init ] --END-- [ RunTime:0.000387s ]
ERR: 无法加载模块:Upload

[ 2017-07-07T11:37:57+08:00 ] 113.116.140.146 /Upload/HeadPortrait/20170707/Upload/HeadPortrait/2
INFO: [ app_init ] --START--
INFO: Run Behavior\BuildLiteBehavior [ RunTime:0.000016s ]
INFO: [ app_init ] --END-- [ RunTime:0.000379s ]
ERR: 无法加载模块:Upload

[ 2017-07-07T11:37:58+08:00 ] 113.116.140.146 /Upload/HeadPortrait/20170707/Upload/HeadPortrait/2
INFO: [ app_init ] --START--
INFO: Run Behavior\BuildLiteBehavior [ RunTime:0.000018s ]
INFO: [ app_init ] --END-- [ RunTime:0.000393s ]
ERR: 无法加载模块:Upload

[ 2017-07-07T11:38:43+08:00 ] 113.116.140.146 /Upload/HeadPortrait/20170707/Upload/HeadPortrait/2
INFO: [ app_init ] --START--
INFO: Run Behavior\BuildLiteBehavior [ RunTime:0.000016s ]
INFO: [ app_init ] --END-- [ RunTime:0.000344s ]
ERR: 无法加载模块:Upload

[ 2017-07-07T11:38:44+08:00 ] 113.116.140.146 /Upload/HeadPortrait/20170707/Upload/HeadPortrait/2
INFO: [ app_init ] --START--
INFO: Run Behavior\BuildLiteBehavior [ RunTime:0.000017s ]
INFO: [ app_init ] --END-- [ RunTime:0.000399s ]
ERR: 无法加载模块:Upload

[ 2017-07-07T11:40:32+08:00 ] 113.116.140.146 /Upload/HeadPortrait/20170707/Upload/HeadPortrait/2
INFO: [ app_init ] --START--
INFO: Run Behavior\BuildLiteBehavior [ RunTime:0.000017s ]
INFO: [ app_init ] --END-- [ RunTime:0.000358s ]
ERR: 无法加载模块:Upload

[ 2017-07-07T11:40:32+08:00 ] 113.116.140.146 /Upload/HeadPortrait/20170707/Upload/HeadPortrait/2
INFO: [ app_init ] --START--
INFO: Run Behavior\BuildLiteBehavior [ RunTime:0.000016s ]
INFO: [ app_init ] --END-- [ RunTime:0.000383s ]
ERR: 无法加载模块:Upload

[ 2017-07-07T11:40:34+08:00 ] 113.116.140.146 /Upload/HeadPortrait/20170707/Upload/HeadPortrait/2
INFO: [ app_init ] --START--
INFO: Run Behavior\BuildLiteBehavior [ RunTime:0.000018s ]
INFO: [ app_init ] --END-- [ RunTime:0.000368s ]
ERR: 无法加载模块:Upload

[ 2017-07-07T11:40:34+08:00 ] 113.116.140.146 /Upload/HeadPortrait/20170707/Upload/HeadPortrait/2
INFO: [ app_init ] --START--
INFO: Run Behavior\BuildLiteBehavior [ RunTime:0.000016s ]
INFO: [ app_init ] --END-- [ RunTime:0.000343s ]
ERR: 无法加载模块:Upload

[ 2017-07-07T11:42:53+08:00 ] 113.116.140.146 /Upload/HeadPortrait/20170707/Upload/HeadPortrait/2
INFO: [ app_init ] --START--
INFO: Run Behavior\BuildLiteBehavior [ RunTime:0.000016s ]
INFO: [ app_init ] --END-- [ RunTime:0.000729s ]
ERR: 无法加载模块:Upload

[ 2017-07-07T11:42:53+08:00 ] 113.116.140.146 /Upload/HeadPortrait/20170707/Upload/HeadPortrait/2
INFO: [ app_init ] --START--
INFO: Run Behavior\BuildLiteBehavior [ RunTime:0.000017s ]
INFO: [ app_init ] --END-- [ RunTime:0.000535s ]
ERR: 无法加载模块:Upload

[ 2017-07-07T11:42:53+08:00 ] 113.116.140.146 /Upload/HeadPortrait/20170707/Upload/HeadPortrait/2
INFO: [ app_init ] --START--
INFO: Run Behavior\BuildLiteBehavior [ RunTime:0.000018s ]
INFO: [ app_init ] --END-- [ RunTime:0.000476s ]
ERR: 无法加载模块:Upload

[ 2017-07-07T11:42:53+08:00 ] 113.116.140.146 /Upload/HeadPortrait/20170707/Upload/HeadPortrait/2
INFO: [ app_init ] --START--
INFO: Run Behavior\BuildLiteBehavior [ RunTime:0.000016s ]
INFO: [ app_init ] --END-- [ RunTime:0.000352s ]
ERR: 无法加载模块:Upload

[ 2017-07-07T11:42:54+08:00 ] 113.116.140.146 /Upload/HeadPortrait/20170707/Upload/HeadPortrait/2
INFO: [ app_init ] --START--
INFO: Run Behavior\BuildLiteBehavior [ RunTime:0.000017s ]
INFO: [ app_init ] --END-- [ RunTime:0.000351s ]
ERR: 无法加载模块:Upload

[ 2017-07-07T11:42:54+08:00 ] 113.116.140.146 /Upload/HeadPortrait/20170707/Upload/HeadPortrait/2
INFO: [ app_init ] --START--
INFO: Run Behavior\BuildLiteBehavior [ RunTime:0.000040s ]
INFO: [ app_init ] --END-- [ RunTime:0.000425s ]
ERR: 无法加载模块:Upload

[ 2017-07-07T11:42:55+08:00 ] 113.116.140.146 /Upload/HeadPortrait/20170707/Upload/HeadPortrait/2
INFO: [ app_init ] --START--
INFO: Run Behavior\BuildLiteBehavior [ RunTime:0.000019s ]
INFO: [ app_init ] --END-- [ RunTime:0.000557s ]
ERR: 无法加载模块:Upload

[ 2017-07-07T11:42:56+08:00 ] 113.116.140.146 /Upload/HeadPortrait/20170707/Upload/HeadPortrait/2
INFO: [ app_init ] --START--
INFO: Run Behavior\BuildLiteBehavior [ RunTime:0.000025s ]
INFO: [ app_init ] --END-- [ RunTime:0.000403s ]
ERR: 无法加载模块:Upload

[ 2017-07-07T11:42:57+08:00 ] 113.116.140.146 /Upload/HeadPortrait/20170707/Upload/HeadPortrait/2
INFO: [ app_init ] --START--
INFO: Run Behavior\BuildLiteBehavior [ RunTime:0.000016s ]
INFO: [ app_init ] --END-- [ RunTime:0.000376s ]
ERR: 无法加载模块:Upload

[ 2017-07-07T11:42:59+08:00 ] 113.116.140.146 /Upload/HeadPortrait/20170707/Upload/HeadPortrait/2
INFO: [ app_init ] --START--
INFO: Run Behavior\BuildLiteBehavior [ RunTime:0.000019s ]
INFO: [ app_init ] --END-- [ RunTime:0.000397s ]
ERR: 无法加载模块:Upload

[ 2017-07-07T11:42:59+08:00 ] 113.116.140.146 /Upload/HeadPortrait/20170707/Upload/HeadPortrait/2
INFO: [ app_init ] --START--
INFO: Run Behavior\BuildLiteBehavior [ RunTime:0.000021s ]
INFO: [ app_init ] --END-- [ RunTime:0.000384s ]
ERR: 无法加载模块:Upload

[ 2017-07-07T11:49:55+08:00 ] 113.116.140.146 /Upload/HeadPortrait/20170707/Upload/HeadPortrait/2
INFO: [ app_init ] --START--
INFO: Run Behavior\BuildLiteBehavior [ RunTime:0.000017s ]
INFO: [ app_init ] --END-- [ RunTime:0.000388s ]
ERR: 无法加载模块:Upload

[ 2017-07-07T11:49:56+08:00 ] 113.116.140.146 /Upload/HeadPortrait/20170707/Upload/HeadPortrait/2
INFO: [ app_init ] --START--
INFO: Run Behavior\BuildLiteBehavior [ RunTime:0.000017s ]
INFO: [ app_init ] --END-- [ RunTime:0.000358s ]
ERR: 无法加载模块:Upload

[ 2017-07-07T11:49:59+08:00 ] 113.116.140.146 /Public/Style/lib/jquery/1.9.1/jquery.min.map
INFO: [ app_init ] --START--
INFO: Run Behavior\BuildLiteBehavior [ RunTime:0.000017s ]
INFO: [ app_init ] --END-- [ RunTime:0.000358s ]
ERR: 无法加载模块:Public

[ 2017-07-07T11:50:02+08:00 ] 113.116.140.146 /Upload/HeadPortrait/20170707/Upload/HeadPortrait/2
INFO: [ app_init ] --START--
INFO: Run Behavior\BuildLiteBehavior [ RunTime:0.000017s ]
INFO: [ app_init ] --END-- [ RunTime:0.000377s ]
ERR: 无法加载模块:Upload

[ 2017-07-07T11:50:02+08:00 ] 113.116.140.146 /Upload/HeadPortrait/20170707/Upload/HeadPortrait/2
INFO: [ app_init ] --START--
INFO: Run Behavior\BuildLiteBehavior [ RunTime:0.000016s ]
INFO: [ app_init ] --END-- [ RunTime:0.000457s ]
ERR: 无法加载模块:Upload

[ 2017-07-07T11:50:04+08:00 ] 113.116.140.146 /Upload/HeadPortrait/20170707/Upload/HeadPortrait/2
INFO: [ app_init ] --START--
INFO: Run Behavior\BuildLiteBehavior [ RunTime:0.000017s ]
INFO: [ app_init ] --END-- [ RunTime:0.000347s ]
ERR: 无法加载模块:Upload

[ 2017-07-07T11:50:05+08:00 ] 113.116.140.146 /Upload/HeadPortrait/20170707/Upload/HeadPortrait/2
INFO: [ app_init ] --START--
INFO: Run Behavior\BuildLiteBehavior [ RunTime:0.000018s ]
INFO: [ app_init ] --END-- [ RunTime:0.000400s ]
ERR: 无法加载模块:Upload

[ 2017-07-07T11:50:06+08:00 ] 113.116.140.146 /Upload/HeadPortrait/20170707/Upload/HeadPortrait/2
INFO: [ app_init ] --START--
INFO: Run Behavior\BuildLiteBehavior [ RunTime:0.000016s ]
INFO: [ app_init ] --END-- [ RunTime:0.000358s ]
ERR: 无法加载模块:Upload

[ 2017-07-07T11:50:10+08:00 ] 113.116.140.146 /Upload/HeadPortrait/20170707/Upload/HeadPortrait/2
INFO: [ app_init ] --START--
INFO: Run Behavior\BuildLiteBehavior [ RunTime:0.000017s ]
INFO: [ app_init ] --END-- [ RunTime:0.000362s ]
ERR: 无法加载模块:Upload

[ 2017-07-07T11:50:13+08:00 ] 113.116.140.146 /Public/Style/lib/jquery/1.9.1/jquery.min.map
INFO: [ app_init ] --START--
INFO: Run Behavior\BuildLiteBehavior [ RunTime:0.000016s ]
INFO: [ app_init ] --END-- [ RunTime:0.000351s ]
ERR: 无法加载模块:Public

[ 2017-07-07T11:50:17+08:00 ] 113.116.140.146 /Upload/HeadPortrait/20170707/Upload/HeadPortrait/2
INFO: [ app_init ] --START--
INFO: Run Behavior\BuildLiteBehavior [ RunTime:0.000016s ]
INFO: [ app_init ] --END-- [ RunTime:0.000346s ]
ERR: 无法加载模块:Upload

[ 2017-07-07T11:50:18+08:00 ] 113.116.140.146 /Upload/HeadPortrait/20170707/Upload/HeadPortrait/2
INFO: [ app_init ] --START--
INFO: Run Behavior\BuildLiteBehavior [ RunTime:0.000019s ]
INFO: [ app_init ] --END-- [ RunTime:0.000384s ]
ERR: 无法加载模块:Upload

[ 2017-07-07T11:50:19+08:00 ] 113.116.140.146 /Upload/HeadPortrait/20170707/Upload/HeadPortrait/2
INFO: [ app_init ] --START--
INFO: Run Behavior\BuildLiteBehavior [ RunTime:0.000016s ]
INFO: [ app_init ] --END-- [ RunTime:0.000401s ]
ERR: 无法加载模块:Upload

[ 2017-07-07T11:50:20+08:00 ] 113.116.140.146 /Upload/HeadPortrait/20170707/Upload/HeadPortrait/2
INFO: [ app_init ] --START--
INFO: Run Behavior\BuildLiteBehavior [ RunTime:0.000029s ]
INFO: [ app_init ] --END-- [ RunTime:0.000483s ]
ERR: 无法加载模块:Upload

[ 2017-07-07T11:51:01+08:00 ] 113.116.140.146 /Upload/HeadPortrait/20170707/Upload/HeadPortrait/2
INFO: [ app_init ] --START--
INFO: Run Behavior\BuildLiteBehavior [ RunTime:0.000016s ]
INFO: [ app_init ] --END-- [ RunTime:0.000378s ]
ERR: 无法加载模块:Upload

[ 2017-07-07T11:57:45+08:00 ] 113.116.140.146 /Upload/HeadPortrait/20170707/Upload/HeadPortrait/2
INFO: [ app_init ] --START--
INFO: Run Behavior\BuildLiteBehavior [ RunTime:0.000017s ]
INFO: [ app_init ] --END-- [ RunTime:0.000401s ]
ERR: 无法加载模块:Upload

[ 2017-07-07T11:57:46+08:00 ] 113.116.140.146 /Upload/HeadPortrait/20170707/Upload/HeadPortrait/2
INFO: [ app_init ] --START--
INFO: Run Behavior\BuildLiteBehavior [ RunTime:0.000018s ]
INFO: [ app_init ] --END-- [ RunTime:0.000384s ]
ERR: 无法加载模块:Upload

[ 2017-07-07T11:57:48+08:00 ] 113.116.140.146 /Upload/HeadPortrait/20170707/Upload/HeadPortrait/2
INFO: [ app_init ] --START--
INFO: Run Behavior\BuildLiteBehavior [ RunTime:0.000017s ]
INFO: [ app_init ] --END-- [ RunTime:0.000345s ]
ERR: 无法加载模块:Upload

[ 2017-07-07T11:57:51+08:00 ] 113.116.140.146 /Public/Style/lib/jquery/1.9.1/jquery.min.map
INFO: [ app_init ] --START--
INFO: Run Behavior\BuildLiteBehavior [ RunTime:0.000016s ]
INFO: [ app_init ] --END-- [ RunTime:0.000344s ]
ERR: 无法加载模块:Public

[ 2017-07-07T11:58:10+08:00 ] 113.116.140.146 /Upload/HeadPortrait/20170707/Upload/HeadPortrait/2
INFO: [ app_init ] --START--
INFO: Run Behavior\BuildLiteBehavior [ RunTime:0.000017s ]
INFO: [ app_init ] --END-- [ RunTime:0.000405s ]
ERR: 无法加载模块:Upload

[ 2017-07-07T11:58:10+08:00 ] 113.116.140.146 /Upload/HeadPortrait/20170707/Upload/HeadPortrait/20170707/20170707114946523.jpg
INFO: [ app_init ] --START--
INFO: Run Behavior\BuildLiteBehavior [ RunTime:0.000015s ]
INFO: [ app_init ] --END-- [ RunTime:0.000359s ]
ERR: 无法加载模块:Upload

[ 2017-07-07T11:58:10+08:00 ] 113.116.140.146 /Upload/HeadPortrait/20170707/Upload/HeadPortrait/20170707/20170707114946523.jpg
INFO: [ app_init ] --START--
INFO: Run Behavior\BuildLiteBehavior [ RunTime:0.000016s ]
INFO: [ app_init ] --END-- [ RunTime:0.000405s ]
ERR: 无法加载模块:Upload

[ 2017-07-07T11:58:10+08:00 ] 113.116.140.146 /Upload/HeadPortrait/20170707/Upload/HeadPortrait/2
INFO: [ app_init ] --START--
INFO: Run Behavior\BuildLiteBehavior [ RunTime:0.000020s ]
INFO: [ app_init ] --END-- [ RunTime:0.000403s ]
ERR: 无法加载模块:Upload

[ 2017-07-07T11:58:18+08:00 ] 113.116.140.146 /Upload/HeadPortrait/20170707/Upload/HeadPortrait/20170707/20170707114946523.jpg
INFO: [ app_init ] --START--
INFO: Run Behavior\BuildLiteBehavior [ RunTime:0.000014s ]
INFO: [ app_init ] --END-- [ RunTime:0.000336s ]
ERR: 无法加载模块:Upload

[ 2017-07-07T11:58:18+08:00 ] 113.116.140.146 /Upload/HeadPortrait/20170707/Upload/HeadPortrait/2
INFO: [ app_init ] --START--
INFO: Run Behavior\BuildLiteBehavior [ RunTime:0.000017s ]
INFO: [ app_init ] --END-- [ RunTime:0.000377s ]
ERR: 无法加载模块:Upload

[ 2017-07-07T11:59:18+08:00 ] 113.116.140.146 /Upload/HeadPortrait/20170707/Upload/HeadPortrait/2
INFO: [ app_init ] --START--
INFO: Run Behavior\BuildLiteBehavior [ RunTime:0.000025s ]
INFO: [ app_init ] --END-- [ RunTime:0.000546s ]
ERR: 无法加载模块:Upload

[ 2017-07-07T11:59:18+08:00 ] 113.116.140.146 /Upload/HeadPortrait/20170707/Upload/HeadPortrait/20170707/20170707114946523.jpg
INFO: [ app_init ] --START--
INFO: Run Behavior\BuildLiteBehavior [ RunTime:0.000018s ]
INFO: [ app_init ] --END-- [ RunTime:0.000390s ]
ERR: 无法加载模块:Upload

[ 2017-07-07T11:59:19+08:00 ] 113.116.140.146 /Upload/HeadPortrait/20170707/Upload/HeadPortrait/2
INFO: [ app_init ] --START--
INFO: Run Behavior\BuildLiteBehavior [ RunTime:0.000016s ]
INFO: [ app_init ] --END-- [ RunTime:0.000376s ]
ERR: 无法加载模块:Upload

[ 2017-07-07T11:59:19+08:00 ] 113.116.140.146 /Upload/HeadPortrait/20170707/Upload/HeadPortrait/20170707/20170707114946523.jpg
INFO: [ app_init ] --START--
INFO: Run Behavior\BuildLiteBehavior [ RunTime:0.000013s ]
INFO: [ app_init ] --END-- [ RunTime:0.000387s ]
ERR: 无法加载模块:Upload

[ 2017-07-07T11:59:21+08:00 ] 113.116.140.146 /Upload/HeadPortrait/20170707/Upload/HeadPortrait/2
INFO: [ app_init ] --START--
INFO: Run Behavior\BuildLiteBehavior [ RunTime:0.000016s ]
INFO: [ app_init ] --END-- [ RunTime:0.000351s ]
ERR: 无法加载模块:Upload

[ 2017-07-07T11:59:22+08:00 ] 113.116.140.146 /Upload/HeadPortrait/20170707/Upload/HeadPortrait/20170707/20170707114946523.jpg
INFO: [ app_init ] --START--
INFO: Run Behavior\BuildLiteBehavior [ RunTime:0.000017s ]
INFO: [ app_init ] --END-- [ RunTime:0.000366s ]
ERR: 无法加载模块:Upload

[ 2017-07-07T11:59:23+08:00 ] 113.116.140.146 /Public/Style/lib/jquery/1.9.1/jquery.min.map
INFO: [ app_init ] --START--
INFO: Run Behavior\BuildLiteBehavior [ RunTime:0.000017s ]
INFO: [ app_init ] --END-- [ RunTime:0.000379s ]
ERR: 无法加载模块:Public

[ 2017-07-07T11:59:24+08:00 ] 113.116.140.146 /Upload/HeadPortrait/20170707/Upload/HeadPortrait/20170707/20170707114946523.jpg
INFO: [ app_init ] --START--
INFO: Run Behavior\BuildLiteBehavior [ RunTime:0.000017s ]
INFO: [ app_init ] --END-- [ RunTime:0.000361s ]
ERR: 无法加载模块:Upload

[ 2017-07-07T11:59:33+08:00 ] 113.116.140.146 /Upload/HeadPortrait/20170707/Upload/HeadPortrait/20170707/Upload/HeadPortrait/20170707/20170707114946523.jpg
INFO: [ app_init ] --START--
INFO: Run Behavior\BuildLiteBehavior [ RunTime:0.000014s ]
INFO: [ app_init ] --END-- [ RunTime:0.000334s ]
ERR: 无法加载模块:Upload

[ 2017-07-07T11:59:39+08:00 ] 113.116.140.146 /Upload/HeadPortrait/20170707/Upload/HeadPortrait/20170707/Upload/HeadPortrait/20170707/20170707114946523.jpg
INFO: [ app_init ] --START--
INFO: Run Behavior\BuildLiteBehavior [ RunTime:0.000040s ]
INFO: [ app_init ] --END-- [ RunTime:0.000484s ]
ERR: 无法加载模块:Upload

[ 2017-07-07T11:59:40+08:00 ] 113.116.140.146 /Upload/HeadPortrait/20170707/Upload/HeadPortrait/20170707/Upload/HeadPortrait/20170707/20170707114946523.jpg
INFO: [ app_init ] --START--
INFO: Run Behavior\BuildLiteBehavior [ RunTime:0.000017s ]
INFO: [ app_init ] --END-- [ RunTime:0.000503s ]
ERR: 无法加载模块:Upload

[ 2017-07-07T11:59:57+08:00 ] 113.116.140.146 /Upload/HeadPortrait/20170707/Upload/HeadPortrait/20170707/Upload/HeadPortrait/20170707/20170707114946523.jpg
INFO: [ app_init ] --START--
INFO: Run Behavior\BuildLiteBehavior [ RunTime:0.000017s ]
INFO: [ app_init ] --END-- [ RunTime:0.000389s ]
ERR: 无法加载模块:Upload

[ 2017-07-07T11:59:58+08:00 ] 113.116.140.146 /Upload/HeadPortrait/20170707/Upload/HeadPortrait/20170707/Upload/HeadPortrait/20170707/20170707114946523.jpg
INFO: [ app_init ] --START--
INFO: Run Behavior\BuildLiteBehavior [ RunTime:0.000016s ]
INFO: [ app_init ] --END-- [ RunTime:0.000344s ]
ERR: 无法加载模块:Upload

[ 2017-07-07T12:00:20+08:00 ] 113.116.140.146 /Upload/HeadPortrait/20170707/Upload/HeadPortrait/20170707/Upload/HeadPortrait/20170707/20170707114946523.jpg
INFO: [ app_init ] --START--
INFO: Run Behavior\BuildLiteBehavior [ RunTime:0.000019s ]
INFO: [ app_init ] --END-- [ RunTime:0.000363s ]
ERR: 无法加载模块:Upload

[ 2017-07-07T12:00:20+08:00 ] 113.116.140.146 /Upload/HeadPortrait/20170707/Upload/HeadPortrait/20170707/Upload/HeadPortrait/20170707/20170707114946523.jpg
INFO: [ app_init ] --START--
INFO: Run Behavior\BuildLiteBehavior [ RunTime:0.000020s ]
INFO: [ app_init ] --END-- [ RunTime:0.000373s ]
ERR: 无法加载模块:Upload

[ 2017-07-07T12:00:21+08:00 ] 113.116.140.146 /Upload/HeadPortrait/20170707/Upload/HeadPortrait/20170707/Upload/HeadPortrait/20170707/20170707114946523.jpg
INFO: [ app_init ] --START--
INFO: Run Behavior\BuildLiteBehavior [ RunTime:0.000017s ]
INFO: [ app_init ] --END-- [ RunTime:0.000406s ]
ERR: 无法加载模块:Upload

[ 2017-07-07T12:00:21+08:00 ] 113.116.140.146 /Upload/HeadPortrait/20170707/Upload/HeadPortrait/20170707/Upload/HeadPortrait/20170707/20170707114946523.jpg
INFO: [ app_init ] --START--
INFO: Run Behavior\BuildLiteBehavior [ RunTime:0.000016s ]
INFO: [ app_init ] --END-- [ RunTime:0.000341s ]
ERR: 无法加载模块:Upload

[ 2017-07-07T12:00:21+08:00 ] 113.116.140.146 /Upload/HeadPortrait/20170707/Upload/HeadPortrait/20170707/Upload/HeadPortrait/20170707/20170707114946523.jpg
INFO: [ app_init ] --START--
INFO: Run Behavior\BuildLiteBehavior [ RunTime:0.000016s ]
INFO: [ app_init ] --END-- [ RunTime:0.000352s ]
ERR: 无法加载模块:Upload

[ 2017-07-07T12:00:21+08:00 ] 113.116.140.146 /Upload/HeadPortrait/20170707/Upload/HeadPortrait/20170707/Upload/HeadPortrait/20170707/20170707114946523.jpg
INFO: [ app_init ] --START--
INFO: Run Behavior\BuildLiteBehavior [ RunTime:0.000018s ]
INFO: [ app_init ] --END-- [ RunTime:0.000380s ]
ERR: 无法加载模块:Upload

[ 2017-07-07T12:00:21+08:00 ] 113.116.140.146 /Upload/HeadPortrait/20170707/Upload/HeadPortrait/20170707/Upload/HeadPortrait/20170707/20170707114946523.jpg
INFO: [ app_init ] --START--
INFO: Run Behavior\BuildLiteBehavior [ RunTime:0.000019s ]
INFO: [ app_init ] --END-- [ RunTime:0.000404s ]
ERR: 无法加载模块:Upload

[ 2017-07-07T12:00:21+08:00 ] 113.116.140.146 /Upload/HeadPortrait/20170707/Upload/HeadPortrait/20170707/Upload/HeadPortrait/20170707/20170707114946523.jpg
INFO: [ app_init ] --START--
INFO: Run Behavior\BuildLiteBehavior [ RunTime:0.000015s ]
INFO: [ app_init ] --END-- [ RunTime:0.000347s ]
ERR: 无法加载模块:Upload

[ 2017-07-07T12:00:21+08:00 ] 113.116.140.146 /Upload/HeadPortrait/20170707/Upload/HeadPortrait/20170707/Upload/HeadPortrait/20170707/20170707114946523.jpg
INFO: [ app_init ] --START--
INFO: Run Behavior\BuildLiteBehavior [ RunTime:0.000021s ]
INFO: [ app_init ] --END-- [ RunTime:0.000399s ]
ERR: 无法加载模块:Upload

[ 2017-07-07T12:00:21+08:00 ] 113.116.140.146 /Upload/HeadPortrait/20170707/Upload/HeadPortrait/20170707/Upload/HeadPortrait/20170707/20170707114946523.jpg
INFO: [ app_init ] --START--
INFO: Run Behavior\BuildLiteBehavior [ RunTime:0.000017s ]
INFO: [ app_init ] --END-- [ RunTime:0.000347s ]
ERR: 无法加载模块:Upload

[ 2017-07-07T12:00:22+08:00 ] 113.116.140.146 /Upload/HeadPortrait/20170707/Upload/HeadPortrait/20170707/Upload/HeadPortrait/20170707/20170707114946523.jpg
INFO: [ app_init ] --START--
INFO: Run Behavior\BuildLiteBehavior [ RunTime:0.000025s ]
INFO: [ app_init ] --END-- [ RunTime:0.000583s ]
ERR: 无法加载模块:Upload

[ 2017-07-07T12:00:22+08:00 ] 113.116.140.146 /Upload/HeadPortrait/20170707/Upload/HeadPortrait/20170707/Upload/HeadPortrait/20170707/20170707114946523.jpg
INFO: [ app_init ] --START--
INFO: Run Behavior\BuildLiteBehavior [ RunTime:0.000016s ]
INFO: [ app_init ] --END-- [ RunTime:0.000354s ]
ERR: 无法加载模块:Upload

[ 2017-07-07T12:00:22+08:00 ] 113.116.140.146 /Upload/HeadPortrait/20170707/Upload/HeadPortrait/20170707/Upload/HeadPortrait/20170707/20170707114946523.jpg
INFO: [ app_init ] --START--
INFO: Run Behavior\BuildLiteBehavior [ RunTime:0.000017s ]
INFO: [ app_init ] --END-- [ RunTime:0.000357s ]
ERR: 无法加载模块:Upload

[ 2017-07-07T12:00:23+08:00 ] 113.116.140.146 /Upload/HeadPortrait/20170707/Upload/HeadPortrait/20170707/Upload/HeadPortrait/20170707/20170707114946523.jpg
INFO: [ app_init ] --START--
INFO: Run Behavior\BuildLiteBehavior [ RunTime:0.000016s ]
INFO: [ app_init ] --END-- [ RunTime:0.000343s ]
ERR: 无法加载模块:Upload

[ 2017-07-07T12:00:24+08:00 ] 113.116.140.146 /Upload/HeadPortrait/20170707/Upload/HeadPortrait/20170707/Upload/HeadPortrait/20170707/20170707114946523.jpg
INFO: [ app_init ] --START--
INFO: Run Behavior\BuildLiteBehavior [ RunTime:0.000015s ]
INFO: [ app_init ] --END-- [ RunTime:0.000357s ]
ERR: 无法加载模块:Upload

[ 2017-07-07T12:00:25+08:00 ] 113.116.140.146 /Public/Style/lib/jquery/1.9.1/jquery.min.map
INFO: [ app_init ] --START--
INFO: Run Behavior\BuildLiteBehavior [ RunTime:0.000016s ]
INFO: [ app_init ] --END-- [ RunTime:0.000375s ]
ERR: 无法加载模块:Public

[ 2017-07-07T12:00:26+08:00 ] 113.116.140.146 /Upload/HeadPortrait/20170707/Upload/HeadPortrait/20170707/Upload/HeadPortrait/20170707/20170707114946523.jpg
INFO: [ app_init ] --START--
INFO: Run Behavior\BuildLiteBehavior [ RunTime:0.000015s ]
INFO: [ app_init ] --END-- [ RunTime:0.000439s ]
ERR: 无法加载模块:Upload

[ 2017-07-07T13:43:46+08:00 ] 113.116.140.146 /Upload/HeadPortrait/20170707/Upload/HeadPortrait/20170707/Upload/HeadPortrait/20170707/20170707114946523.jpg
INFO: [ app_init ] --START--
INFO: Run Behavior\BuildLiteBehavior [ RunTime:0.000015s ]
INFO: [ app_init ] --END-- [ RunTime:0.000384s ]
ERR: 无法加载模块:Upload

[ 2017-07-07T13:43:46+08:00 ] 113.116.140.146 /Upload/HeadPortrait/20170707/Upload/HeadPortrait/20170707/Upload/HeadPortrait/20170707/20170707114946523.jpg
INFO: [ app_init ] --START--
INFO: Run Behavior\BuildLiteBehavior [ RunTime:0.000015s ]
INFO: [ app_init ] --END-- [ RunTime:0.000357s ]
ERR: 无法加载模块:Upload

[ 2017-07-07T13:43:48+08:00 ] 113.116.140.146 /Upload/HeadPortrait/20170707/Upload/HeadPortrait/20170707/Upload/HeadPortrait/20170707/20170707114946523.jpg
INFO: [ app_init ] --START--
INFO: Run Behavior\BuildLiteBehavior [ RunTime:0.000017s ]
INFO: [ app_init ] --END-- [ RunTime:0.000357s ]
ERR: 无法加载模块:Upload

[ 2017-07-07T13:43:50+08:00 ] 113.116.140.146 /Upload/HeadPortrait/20170707/Upload/HeadPortrait/20170707/Upload/HeadPortrait/20170707/20170707114946523.jpg
INFO: [ app_init ] --START--
INFO: Run Behavior\BuildLiteBehavior [ RunTime:0.000038s ]
INFO: [ app_init ] --END-- [ RunTime:0.000383s ]
ERR: 无法加载模块:Upload

[ 2017-07-07T13:51:58+08:00 ] 113.116.140.146 /Upload/HeadPortrait/20170707/Upload/HeadPortrait/20170707/20170707134635381.jpg
INFO: [ app_init ] --START--
INFO: Run Behavior\BuildLiteBehavior [ RunTime:0.000016s ]
INFO: [ app_init ] --END-- [ RunTime:0.000353s ]
ERR: 无法加载模块:Upload

[ 2017-07-07T13:52:11+08:00 ] 113.116.140.146 /Upload/HeadPortrait/20170707/Upload/HeadPortrait/20170707/20170707134635381.jpg
INFO: [ app_init ] --START--
INFO: Run Behavior\BuildLiteBehavior [ RunTime:0.000024s ]
INFO: [ app_init ] --END-- [ RunTime:0.000413s ]
ERR: 无法加载模块:Upload

[ 2017-07-07T13:52:12+08:00 ] 113.116.140.146 /Upload/HeadPortrait/20170707/Upload/HeadPortrait/20170707/20170707134635381.jpg
INFO: [ app_init ] --START--
INFO: Run Behavior\BuildLiteBehavior [ RunTime:0.000017s ]
INFO: [ app_init ] --END-- [ RunTime:0.000378s ]
ERR: 无法加载模块:Upload

[ 2017-07-07T13:52:13+08:00 ] 113.116.140.146 /Upload/HeadPortrait/20170707/Upload/HeadPortrait/20170707/20170707134635381.jpg
INFO: [ app_init ] --START--
INFO: Run Behavior\BuildLiteBehavior [ RunTime:0.000020s ]
INFO: [ app_init ] --END-- [ RunTime:0.000404s ]
ERR: 无法加载模块:Upload

[ 2017-07-07T13:52:15+08:00 ] 113.116.140.146 /Upload/HeadPortrait/20170707/Upload/HeadPortrait/20170707/20170707134635381.jpg
INFO: [ app_init ] --START--
INFO: Run Behavior\BuildLiteBehavior [ RunTime:0.000018s ]
INFO: [ app_init ] --END-- [ RunTime:0.000375s ]
ERR: 无法加载模块:Upload

[ 2017-07-07T13:53:05+08:00 ] 113.116.140.146 /Upload/HeadPortrait/20170707/Upload/HeadPortrait/20170707/20170707134635381.jpg
INFO: [ app_init ] --START--
INFO: Run Behavior\BuildLiteBehavior [ RunTime:0.000018s ]
INFO: [ app_init ] --END-- [ RunTime:0.000434s ]
ERR: 无法加载模块:Upload

[ 2017-07-07T13:53:06+08:00 ] 113.116.140.146 /Upload/HeadPortrait/20170707/Upload/HeadPortrait/20170707/20170707134635381.jpg
INFO: [ app_init ] --START--
INFO: Run Behavior\BuildLiteBehavior [ RunTime:0.000016s ]
INFO: [ app_init ] --END-- [ RunTime:0.000521s ]
ERR: 无法加载模块:Upload

[ 2017-07-07T13:53:06+08:00 ] 113.116.140.146 /Upload/HeadPortrait/20170707/Upload/HeadPortrait/20170707/20170707134635381.jpg
INFO: [ app_init ] --START--
INFO: Run Behavior\BuildLiteBehavior [ RunTime:0.000025s ]
INFO: [ app_init ] --END-- [ RunTime:0.000407s ]
ERR: 无法加载模块:Upload

[ 2017-07-07T13:53:08+08:00 ] 113.116.140.146 /Upload/HeadPortrait/20170707/Upload/HeadPortrait/20170707/20170707134635381.jpg
INFO: [ app_init ] --START--
INFO: Run Behavior\BuildLiteBehavior [ RunTime:0.000018s ]
INFO: [ app_init ] --END-- [ RunTime:0.000394s ]
ERR: 无法加载模块:Upload

[ 2017-07-07T13:53:25+08:00 ] 113.116.140.146 /Upload/HeadPortrait/20170707/Upload/HeadPortrait/20170707/20170707135314989.jpg
INFO: [ app_init ] --START--
INFO: Run Behavior\BuildLiteBehavior [ RunTime:0.000018s ]
INFO: [ app_init ] --END-- [ RunTime:0.000362s ]
ERR: 无法加载模块:Upload

[ 2017-07-07T14:00:37+08:00 ] 113.116.140.146 /Upload/HeadPortrait/20170707/Upload/HeadPortrait/20170707/20170707135314989.jpg
INFO: [ app_init ] --START--
INFO: Run Behavior\BuildLiteBehavior [ RunTime:0.000016s ]
INFO: [ app_init ] --END-- [ RunTime:0.000374s ]
ERR: 无法加载模块:Upload

[ 2017-07-07T14:00:40+08:00 ] 113.116.140.146 /Upload/HeadPortrait/20170707/Upload/HeadPortrait/20170707/20170707135314989.jpg
INFO: [ app_init ] --START--
INFO: Run Behavior\BuildLiteBehavior [ RunTime:0.000016s ]
INFO: [ app_init ] --END-- [ RunTime:0.000370s ]
ERR: 无法加载模块:Upload

[ 2017-07-07T14:00:40+08:00 ] 113.116.140.146 /Upload/HeadPortrait/20170707/Upload/HeadPortrait/20170707/20170707135314989.jpg
INFO: [ app_init ] --START--
INFO: Run Behavior\BuildLiteBehavior [ RunTime:0.000017s ]
INFO: [ app_init ] --END-- [ RunTime:0.000425s ]
ERR: 无法加载模块:Upload

[ 2017-07-07T14:00:40+08:00 ] 113.116.140.146 /Upload/HeadPortrait/20170707/Upload/HeadPortrait/20170707/20170707135314989.jpg
INFO: [ app_init ] --START--
INFO: Run Behavior\BuildLiteBehavior [ RunTime:0.000016s ]
INFO: [ app_init ] --END-- [ RunTime:0.000393s ]
ERR: 无法加载模块:Upload

[ 2017-07-07T14:00:40+08:00 ] 113.116.140.146 /Upload/HeadPortrait/20170707/Upload/HeadPortrait/20170707/20170707135314989.jpg
INFO: [ app_init ] --START--
INFO: Run Behavior\BuildLiteBehavior [ RunTime:0.000018s ]
INFO: [ app_init ] --END-- [ RunTime:0.000368s ]
ERR: 无法加载模块:Upload

[ 2017-07-07T14:00:40+08:00 ] 113.116.140.146 /Upload/HeadPortrait/20170707/Upload/HeadPortrait/20170707/20170707135314989.jpg
INFO: [ app_init ] --START--
INFO: Run Behavior\BuildLiteBehavior [ RunTime:0.000017s ]
INFO: [ app_init ] --END-- [ RunTime:0.000365s ]
ERR: 无法加载模块:Upload

[ 2017-07-07T14:00:40+08:00 ] 113.116.140.146 /Upload/HeadPortrait/20170707/Upload/HeadPortrait/20170707/20170707135314989.jpg
INFO: [ app_init ] --START--
INFO: Run Behavior\BuildLiteBehavior [ RunTime:0.000016s ]
INFO: [ app_init ] --END-- [ RunTime:0.000459s ]
ERR: 无法加载模块:Upload

[ 2017-07-07T14:00:40+08:00 ] 113.116.140.146 /Upload/HeadPortrait/20170707/Upload/HeadPortrait/20170707/20170707135314989.jpg
INFO: [ app_init ] --START--
INFO: Run Behavior\BuildLiteBehavior [ RunTime:0.000017s ]
INFO: [ app_init ] --END-- [ RunTime:0.000375s ]
ERR: 无法加载模块:Upload

[ 2017-07-07T14:00:41+08:00 ] 113.116.140.146 /Upload/HeadPortrait/20170707/Upload/HeadPortrait/20170707/20170707135314989.jpg
INFO: [ app_init ] --START--
INFO: Run Behavior\BuildLiteBehavior [ RunTime:0.000016s ]
INFO: [ app_init ] --END-- [ RunTime:0.000385s ]
ERR: 无法加载模块:Upload

[ 2017-07-07T14:00:43+08:00 ] 113.116.140.146 /Upload/HeadPortrait/20170707/Upload/HeadPortrait/20170707/20170707135314989.jpg
INFO: [ app_init ] --START--
INFO: Run Behavior\BuildLiteBehavior [ RunTime:0.000016s ]
INFO: [ app_init ] --END-- [ RunTime:0.000352s ]
ERR: 无法加载模块:Upload

[ 2017-07-07T14:01:10+08:00 ] 113.116.140.146 /Upload/HeadPortrait/20170707/Upload/HeadPortrait/20170707/20170707140053341.jpg
INFO: [ app_init ] --START--
INFO: Run Behavior\BuildLiteBehavior [ RunTime:0.000016s ]
INFO: [ app_init ] --END-- [ RunTime:0.000345s ]
ERR: 无法加载模块:Upload

[ 2017-07-07T14:01:10+08:00 ] 113.116.140.146 /Upload/HeadPortrait/20170707/Upload/HeadPortrait/20170707/20170707140053341.jpg
INFO: [ app_init ] --START--
INFO: Run Behavior\BuildLiteBehavior [ RunTime:0.000017s ]
INFO: [ app_init ] --END-- [ RunTime:0.000357s ]
ERR: 无法加载模块:Upload

[ 2017-07-07T14:01:15+08:00 ] 113.116.140.146 /Upload/HeadPortrait/20170707/Upload/HeadPortrait/20170707/20170707140053341.jpg
INFO: [ app_init ] --START--
INFO: Run Behavior\BuildLiteBehavior [ RunTime:0.000016s ]
INFO: [ app_init ] --END-- [ RunTime:0.000368s ]
ERR: 无法加载模块:Upload

[ 2017-07-07T14:01:17+08:00 ] 113.116.140.146 /Upload/HeadPortrait/20170707/Upload/HeadPortrait/20170707/20170707140053341.jpg
INFO: [ app_init ] --START--
INFO: Run Behavior\BuildLiteBehavior [ RunTime:0.000016s ]
INFO: [ app_init ] --END-- [ RunTime:0.000371s ]
ERR: 无法加载模块:Upload

[ 2017-07-07T14:02:12+08:00 ] 113.116.140.146 /Public/Style/lib/jquery/1.9.1/jquery.min.map
INFO: [ app_init ] --START--
INFO: Run Behavior\BuildLiteBehavior [ RunTime:0.000016s ]
INFO: [ app_init ] --END-- [ RunTime:0.000366s ]
ERR: 无法加载模块:Public

[ 2017-07-07T14:05:29+08:00 ] 113.116.140.146 /Upload/HeadPortrait/20170707/Arraypicture_url
INFO: [ app_init ] --START--
INFO: Run Behavior\BuildLiteBehavior [ RunTime:0.000016s ]
INFO: [ app_init ] --END-- [ RunTime:0.000349s ]
ERR: 无法加载模块:Upload

[ 2017-07-07T14:05:29+08:00 ] 113.116.140.146 /Upload/HeadPortrait/20170707/Arraypicture_url
INFO: [ app_init ] --START--
INFO: Run Behavior\BuildLiteBehavior [ RunTime:0.000020s ]
INFO: [ app_init ] --END-- [ RunTime:0.000398s ]
ERR: 无法加载模块:Upload

[ 2017-07-07T14:05:32+08:00 ] 113.116.140.146 /Upload/HeadPortrait/20170707/Arraypicture_url
INFO: [ app_init ] --START--
INFO: Run Behavior\BuildLiteBehavior [ RunTime:0.000019s ]
INFO: [ app_init ] --END-- [ RunTime:0.000393s ]
ERR: 无法加载模块:Upload

[ 2017-07-07T14:06:27+08:00 ] 113.116.140.146 /Upload/HeadPortrait/20170707/Arraypicture_url
INFO: [ app_init ] --START--
INFO: Run Behavior\BuildLiteBehavior [ RunTime:0.000017s ]
INFO: [ app_init ] --END-- [ RunTime:0.000357s ]
ERR: 无法加载模块:Upload

[ 2017-07-07T14:06:29+08:00 ] 113.116.140.146 /Upload/HeadPortrait/20170707/Arraypicture_url
INFO: [ app_init ] --START--
INFO: Run Behavior\BuildLiteBehavior [ RunTime:0.000016s ]
INFO: [ app_init ] --END-- [ RunTime:0.000365s ]
ERR: 无法加载模块:Upload

[ 2017-07-07T14:06:30+08:00 ] 113.116.140.146 /Upload/HeadPortrait/20170707/Arraypicture_url
INFO: [ app_init ] --START--
INFO: Run Behavior\BuildLiteBehavior [ RunTime:0.000017s ]
INFO: [ app_init ] --END-- [ RunTime:0.000425s ]
ERR: 无法加载模块:Upload

[ 2017-07-07T14:06:41+08:00 ] 113.116.140.146 /Upload/HeadPortrait/20170707/Arraypicture_url
INFO: [ app_init ] --START--
INFO: Run Behavior\BuildLiteBehavior [ RunTime:0.000016s ]
INFO: [ app_init ] --END-- [ RunTime:0.000355s ]
ERR: 无法加载模块:Upload

[ 2017-07-07T16:44:40+08:00 ] 123.125.67.162 /robots.txt
INFO: [ app_init ] --START--
INFO: Run Behavior\BuildLiteBehavior [ RunTime:0.000017s ]
INFO: [ app_init ] --END-- [ RunTime:0.000380s ]
ERR: 无法加载模块:Robots

[ 2017-07-07T17:11:07+08:00 ] 113.116.140.146 /favicon.ico
INFO: [ app_init ] --START--
INFO: Run Behavior\BuildLiteBehavior [ RunTime:0.000019s ]
INFO: [ app_init ] --END-- [ RunTime:0.000448s ]
ERR: 无法加载模块:Favicon

[ 2017-07-07T17:45:17+08:00 ] 140.205.201.43 /index.php?m=member&c=index&a=register&siteid=1
INFO: [ app_init ] --START--
INFO: Run Behavior\BuildLiteBehavior [ RunTime:0.000016s ]
INFO: [ app_init ] --END-- [ RunTime:0.000343s ]
ERR: 无法加载模块:Member

[ 2017-07-07T17:49:43+08:00 ] 140.205.201.43 /index.php?m=wap&a=index&siteid=1
INFO: [ app_init ] --START--
INFO: Run Behavior\BuildLiteBehavior [ RunTime:0.000016s ]
INFO: [ app_init ] --END-- [ RunTime:0.000351s ]
ERR: 无法加载模块:Wap

[ 2017-07-07T21:45:37+08:00 ] 66.249.65.135 /robots.txt
INFO: [ app_init ] --START--
INFO: Run Behavior\BuildLiteBehavior [ RunTime:0.000017s ]
INFO: [ app_init ] --END-- [ RunTime:0.000388s ]
ERR: 无法加载模块:Robots

