[ 2017-08-01T15:34:32+08:00 ] 183.15.183.247 /favicon.ico
INFO: [ app_init ] --START--
INFO: Run Behavior\BuildLiteBehavior [ RunTime:0.000015s ]
INFO: [ app_init ] --END-- [ RunTime:0.000346s ]
ERR: 无法加载模块:Favicon

[ 2017-08-01T15:34:32+08:00 ] 183.15.183.247 /favicon.ico
INFO: [ app_init ] --START--
INFO: Run Behavior\BuildLiteBehavior [ RunTime:0.000015s ]
INFO: [ app_init ] --END-- [ RunTime:0.000367s ]
ERR: 无法加载模块:Favicon

[ 2017-08-01T16:01:25+08:00 ] 183.15.183.247 /Public/Style/lib/jquery/1.9.1/jquery.min.map
INFO: [ app_init ] --START--
INFO: Run Behavior\BuildLiteBehavior [ RunTime:0.000016s ]
INFO: [ app_init ] --END-- [ RunTime:0.000361s ]
ERR: 无法加载模块:Public

[ 2017-08-01T16:03:31+08:00 ] 183.15.183.247 /Public/Style/lib/jquery/1.9.1/jquery.min.map
INFO: [ app_init ] --START--
INFO: Run Behavior\BuildLiteBehavior [ RunTime:0.000017s ]
INFO: [ app_init ] --END-- [ RunTime:0.000369s ]
ERR: 无法加载模块:Public

[ 2017-08-01T16:04:27+08:00 ] 183.15.183.247 /Public/Style/lib/jquery/1.9.1/jquery.min.map
INFO: [ app_init ] --START--
INFO: Run Behavior\BuildLiteBehavior [ RunTime:0.000022s ]
INFO: [ app_init ] --END-- [ RunTime:0.000414s ]
ERR: 无法加载模块:Public

[ 2017-08-01T16:05:30+08:00 ] 183.15.183.247 /Public/Style/lib/jquery/1.9.1/jquery.min.map
INFO: [ app_init ] --START--
INFO: Run Behavior\BuildLiteBehavior [ RunTime:0.000016s ]
INFO: [ app_init ] --END-- [ RunTime:0.000465s ]
ERR: 无法加载模块:Public

[ 2017-08-01T16:06:38+08:00 ] 183.15.183.247 /Public/Style/lib/jquery/1.9.1/jquery.min.map
INFO: [ app_init ] --START--
INFO: Run Behavior\BuildLiteBehavior [ RunTime:0.000016s ]
INFO: [ app_init ] --END-- [ RunTime:0.000374s ]
ERR: 无法加载模块:Public

[ 2017-08-01T16:07:46+08:00 ] 183.15.183.247 /Public/Style/lib/jquery/1.9.1/jquery.min.map
INFO: [ app_init ] --START--
INFO: Run Behavior\BuildLiteBehavior [ RunTime:0.000019s ]
INFO: [ app_init ] --END-- [ RunTime:0.000401s ]
ERR: 无法加载模块:Public

[ 2017-08-01T16:08:26+08:00 ] 183.15.183.247 /Public/Style/lib/jquery/1.9.1/jquery.min.map
INFO: [ app_init ] --START--
INFO: Run Behavior\BuildLiteBehavior [ RunTime:0.000014s ]
INFO: [ app_init ] --END-- [ RunTime:0.000371s ]
ERR: 无法加载模块:Public

[ 2017-08-01T16:09:09+08:00 ] 183.15.183.247 /Public/Style/lib/jquery/1.9.1/jquery.min.map
INFO: [ app_init ] --START--
INFO: Run Behavior\BuildLiteBehavior [ RunTime:0.000016s ]
INFO: [ app_init ] --END-- [ RunTime:0.000416s ]
ERR: 无法加载模块:Public

[ 2017-08-01T16:09:25+08:00 ] 183.15.183.247 /Public/Style/lib/jquery/1.9.1/jquery.min.map
INFO: [ app_init ] --START--
INFO: Run Behavior\BuildLiteBehavior [ RunTime:0.000017s ]
INFO: [ app_init ] --END-- [ RunTime:0.000369s ]
ERR: 无法加载模块:Public

[ 2017-08-01T16:12:27+08:00 ] 183.15.183.247 /Public/Style/lib/jquery/1.9.1/jquery.min.map
INFO: [ app_init ] --START--
INFO: Run Behavior\BuildLiteBehavior [ RunTime:0.000018s ]
INFO: [ app_init ] --END-- [ RunTime:0.000366s ]
ERR: 无法加载模块:Public

[ 2017-08-01T16:13:47+08:00 ] 183.15.183.247 /Public/Style/lib/jquery/1.9.1/jquery.min.map
INFO: [ app_init ] --START--
INFO: Run Behavior\BuildLiteBehavior [ RunTime:0.000019s ]
INFO: [ app_init ] --END-- [ RunTime:0.000416s ]
ERR: 无法加载模块:Public

[ 2017-08-01T16:15:05+08:00 ] 183.15.183.247 /Public/Style/lib/jquery/1.9.1/jquery.min.map
INFO: [ app_init ] --START--
INFO: Run Behavior\BuildLiteBehavior [ RunTime:0.000019s ]
INFO: [ app_init ] --END-- [ RunTime:0.000437s ]
ERR: 无法加载模块:Public

[ 2017-08-01T16:20:59+08:00 ] 183.15.183.247 /Public/Style/lib/jquery/1.9.1/jquery.min.map
INFO: [ app_init ] --START--
INFO: Run Behavior\BuildLiteBehavior [ RunTime:0.000016s ]
INFO: [ app_init ] --END-- [ RunTime:0.000403s ]
ERR: 无法加载模块:Public

[ 2017-08-01T16:34:21+08:00 ] 183.15.183.247 /Public/Style/lib/jquery/1.9.1/jquery.min.map
INFO: [ app_init ] --START--
INFO: Run Behavior\BuildLiteBehavior [ RunTime:0.000023s ]
INFO: [ app_init ] --END-- [ RunTime:0.000377s ]
ERR: 无法加载模块:Public

[ 2017-08-01T16:34:25+08:00 ] 183.15.183.247 /Public/Style/lib/jquery/1.9.1/jquery.min.map
INFO: [ app_init ] --START--
INFO: Run Behavior\BuildLiteBehavior [ RunTime:0.000017s ]
INFO: [ app_init ] --END-- [ RunTime:0.000399s ]
ERR: 无法加载模块:Public

[ 2017-08-01T16:35:17+08:00 ] 183.15.183.247 /Public/Style/lib/jquery/1.9.1/jquery.min.map
INFO: [ app_init ] --START--
INFO: Run Behavior\BuildLiteBehavior [ RunTime:0.000022s ]
INFO: [ app_init ] --END-- [ RunTime:0.000414s ]
ERR: 无法加载模块:Public

[ 2017-08-01T16:35:22+08:00 ] 183.15.183.247 /Public/Style/lib/jquery/1.9.1/jquery.min.map
INFO: [ app_init ] --START--
INFO: Run Behavior\BuildLiteBehavior [ RunTime:0.000016s ]
INFO: [ app_init ] --END-- [ RunTime:0.000393s ]
ERR: 无法加载模块:Public

[ 2017-08-01T16:55:41+08:00 ] 183.15.183.247 /Public/Style/lib/jquery/1.9.1/jquery.min.map
INFO: [ app_init ] --START--
INFO: Run Behavior\BuildLiteBehavior [ RunTime:0.000017s ]
INFO: [ app_init ] --END-- [ RunTime:0.000370s ]
ERR: 无法加载模块:Public

[ 2017-08-01T16:55:44+08:00 ] 183.15.183.247 /Member/Register/verify/1501577734766
INFO: [ app_init ] --START--
INFO: Run Behavior\BuildLiteBehavior [ RunTime:0.000017s ]
INFO: [ app_init ] --END-- [ RunTime:0.000365s ]
ERR: 无法加载模块:Member

[ 2017-08-01T16:55:51+08:00 ] 183.15.183.247 /Public/Style/lib/jquery/1.9.1/jquery.min.map
INFO: [ app_init ] --START--
INFO: Run Behavior\BuildLiteBehavior [ RunTime:0.000015s ]
INFO: [ app_init ] --END-- [ RunTime:0.000392s ]
ERR: 无法加载模块:Public

[ 2017-08-01T16:55:56+08:00 ] 183.15.183.247 /Member/Register/verify/1501577746071
INFO: [ app_init ] --START--
INFO: Run Behavior\BuildLiteBehavior [ RunTime:0.000017s ]
INFO: [ app_init ] --END-- [ RunTime:0.000432s ]
ERR: 无法加载模块:Member

[ 2017-08-01T16:59:21+08:00 ] 183.15.183.247 /Public/Style/lib/jquery/1.9.1/jquery.min.map
INFO: [ app_init ] --START--
INFO: Run Behavior\BuildLiteBehavior [ RunTime:0.000016s ]
INFO: [ app_init ] --END-- [ RunTime:0.000374s ]
ERR: 无法加载模块:Public

[ 2017-08-01T17:04:05+08:00 ] 183.15.183.247 /Public/Style/lib/jquery/1.9.1/jquery.min.map
INFO: [ app_init ] --START--
INFO: Run Behavior\BuildLiteBehavior [ RunTime:0.000017s ]
INFO: [ app_init ] --END-- [ RunTime:0.000353s ]
ERR: 无法加载模块:Public

[ 2017-08-01T17:04:19+08:00 ] 183.15.183.247 /Public/Style/lib/jquery/1.9.1/jquery.min.map
INFO: [ app_init ] --START--
INFO: Run Behavior\BuildLiteBehavior [ RunTime:0.000016s ]
INFO: [ app_init ] --END-- [ RunTime:0.000369s ]
ERR: 无法加载模块:Public

[ 2017-08-01T17:05:00+08:00 ] 183.15.183.247 /Public/Style/lib/jquery/1.9.1/jquery.min.map
INFO: [ app_init ] --START--
INFO: Run Behavior\BuildLiteBehavior [ RunTime:0.000018s ]
INFO: [ app_init ] --END-- [ RunTime:0.000374s ]
ERR: 无法加载模块:Public

[ 2017-08-01T17:06:25+08:00 ] 183.15.183.247 /Public/Style/lib/jquery/1.9.1/jquery.min.map
INFO: [ app_init ] --START--
INFO: Run Behavior\BuildLiteBehavior [ RunTime:0.000016s ]
INFO: [ app_init ] --END-- [ RunTime:0.000379s ]
ERR: 无法加载模块:Public

[ 2017-08-01T17:36:41+08:00 ] 183.15.183.247 /Public/Style/lib/jquery/1.9.1/jquery.min.map
INFO: [ app_init ] --START--
INFO: Run Behavior\BuildLiteBehavior [ RunTime:0.000016s ]
INFO: [ app_init ] --END-- [ RunTime:0.000398s ]
ERR: 无法加载模块:Public

[ 2017-08-01T17:37:12+08:00 ] 183.15.183.247 /Public/Style/lib/jquery/1.9.1/jquery.min.map
INFO: [ app_init ] --START--
INFO: Run Behavior\BuildLiteBehavior [ RunTime:0.000018s ]
INFO: [ app_init ] --END-- [ RunTime:0.000420s ]
ERR: 无法加载模块:Public

[ 2017-08-01T17:39:23+08:00 ] 183.15.183.247 /Public/Style/lib/jquery/1.9.1/jquery.min.map
INFO: [ app_init ] --START--
INFO: Run Behavior\BuildLiteBehavior [ RunTime:0.000018s ]
INFO: [ app_init ] --END-- [ RunTime:0.000378s ]
ERR: 无法加载模块:Public

[ 2017-08-01T17:52:20+08:00 ] 183.15.183.247 /Public/Style/lib/jquery/1.9.1/jquery.min.map
INFO: [ app_init ] --START--
INFO: Run Behavior\BuildLiteBehavior [ RunTime:0.000018s ]
INFO: [ app_init ] --END-- [ RunTime:0.000395s ]
ERR: 无法加载模块:Public

