[ 2017-06-23T09:38:35+08:00 ] 113.88.99.244 /favicon.ico
INFO: [ app_init ] --START--
INFO: Run Behavior\BuildLiteBehavior [ RunTime:0.000016s ]
INFO: [ app_init ] --END-- [ RunTime:0.000356s ]
ERR: 无法加载模块:Favicon

[ 2017-06-23T09:38:35+08:00 ] 113.88.99.244 /favicon.ico
INFO: [ app_init ] --START--
INFO: Run Behavior\BuildLiteBehavior [ RunTime:0.000017s ]
INFO: [ app_init ] --END-- [ RunTime:0.000358s ]
ERR: 无法加载模块:Favicon

[ 2017-06-23T09:53:54+08:00 ] 113.88.99.244 /Public/Style/static/h-ui/css/H-ui.login.css
INFO: [ app_init ] --START--
INFO: Run Behavior\BuildLiteBehavior [ RunTime:0.000021s ]
INFO: [ app_init ] --END-- [ RunTime:0.000397s ]
ERR: 无法加载模块:Public

[ 2017-06-23T09:54:06+08:00 ] 113.88.99.244 /Public/Style/lib/laypage/1.2/laypage.js%22
INFO: [ app_init ] --START--
INFO: Run Behavior\BuildLiteBehavior [ RunTime:0.000018s ]
INFO: [ app_init ] --END-- [ RunTime:0.000373s ]
ERR: 无法加载模块:Public

[ 2017-06-23T09:55:09+08:00 ] 113.88.99.244 /Public/style/lib/My97DatePicker/4.8/WdatePicker.js
INFO: [ app_init ] --START--
INFO: Run Behavior\BuildLiteBehavior [ RunTime:0.000022s ]
INFO: [ app_init ] --END-- [ RunTime:0.000426s ]
ERR: 无法加载模块:Public

[ 2017-06-23T09:55:09+08:00 ] 113.88.99.244 /Public/style/lib/laypage/1.2/laypage.js
INFO: [ app_init ] --START--
INFO: Run Behavior\BuildLiteBehavior [ RunTime:0.000015s ]
INFO: [ app_init ] --END-- [ RunTime:0.000349s ]
ERR: 无法加载模块:Public

[ 2017-06-23T09:55:09+08:00 ] 113.88.99.244 /Public/style/lib/datatables/1.10.0/jquery.dataTables.min.js
INFO: [ app_init ] --START--
INFO: Run Behavior\BuildLiteBehavior [ RunTime:0.000014s ]
INFO: [ app_init ] --END-- [ RunTime:0.000363s ]
ERR: 无法加载模块:Public

[ 2017-06-23T09:55:09+08:00 ] 113.88.99.244 /Public/style/lib/datatables/1.10.0/jquery.dataTables.min.js
INFO: [ app_init ] --START--
INFO: Run Behavior\BuildLiteBehavior [ RunTime:0.000018s ]
INFO: [ app_init ] --END-- [ RunTime:0.000389s ]
ERR: 无法加载模块:Public

[ 2017-06-23T09:55:09+08:00 ] 113.88.99.244 /Public/style/lib/laypage/1.2/laypage.js
INFO: [ app_init ] --START--
INFO: Run Behavior\BuildLiteBehavior [ RunTime:0.000017s ]
INFO: [ app_init ] --END-- [ RunTime:0.000410s ]
ERR: 无法加载模块:Public

[ 2017-06-23T11:40:44+08:00 ] 113.88.99.244 /Public/style/lib/My97DatePicker/4.8/WdatePicker.js
INFO: [ app_init ] --START--
INFO: Run Behavior\BuildLiteBehavior [ RunTime:0.000016s ]
INFO: [ app_init ] --END-- [ RunTime:0.000377s ]
ERR: 无法加载模块:Public

[ 2017-06-23T11:40:44+08:00 ] 113.88.99.244 /Public/style/lib/datatables/1.10.0/jquery.dataTables.min.js
INFO: [ app_init ] --START--
INFO: Run Behavior\BuildLiteBehavior [ RunTime:0.000023s ]
INFO: [ app_init ] --END-- [ RunTime:0.000503s ]
ERR: 无法加载模块:Public

[ 2017-06-23T11:40:44+08:00 ] 113.88.99.244 /Public/style/lib/laypage/1.2/laypage.js
INFO: [ app_init ] --START--
INFO: Run Behavior\BuildLiteBehavior [ RunTime:0.000022s ]
INFO: [ app_init ] --END-- [ RunTime:0.000542s ]
ERR: 无法加载模块:Public

[ 2017-06-23T11:40:45+08:00 ] 113.88.99.244 /Public/style/lib/My97DatePicker/4.8/WdatePicker.js
INFO: [ app_init ] --START--
INFO: Run Behavior\BuildLiteBehavior [ RunTime:0.000019s ]
INFO: [ app_init ] --END-- [ RunTime:0.000415s ]
ERR: 无法加载模块:Public

[ 2017-06-23T11:40:45+08:00 ] 113.88.99.244 /Public/style/lib/datatables/1.10.0/jquery.dataTables.min.js
INFO: [ app_init ] --START--
INFO: Run Behavior\BuildLiteBehavior [ RunTime:0.000016s ]
INFO: [ app_init ] --END-- [ RunTime:0.000357s ]
ERR: 无法加载模块:Public

[ 2017-06-23T11:40:45+08:00 ] 113.88.99.244 /Public/style/lib/laypage/1.2/laypage.js
INFO: [ app_init ] --START--
INFO: Run Behavior\BuildLiteBehavior [ RunTime:0.000016s ]
INFO: [ app_init ] --END-- [ RunTime:0.000358s ]
ERR: 无法加载模块:Public

[ 2017-06-23T11:51:07+08:00 ] 113.88.99.244 /Public/Style/lib/laypage/1.2/laypage.js%22
INFO: [ app_init ] --START--
INFO: Run Behavior\BuildLiteBehavior [ RunTime:0.000017s ]
INFO: [ app_init ] --END-- [ RunTime:0.000402s ]
ERR: 无法加载模块:Public

[ 2017-06-23T13:51:05+08:00 ] 113.88.99.244 /Public/Style/static/h-ui/css/H-ui.login.css
INFO: [ app_init ] --START--
INFO: Run Behavior\BuildLiteBehavior [ RunTime:0.000016s ]
INFO: [ app_init ] --END-- [ RunTime:0.000364s ]
ERR: 无法加载模块:Public

[ 2017-06-23T13:52:37+08:00 ] 113.88.99.244 /Public/Style/static/h-ui/css/H-ui.login.css
INFO: [ app_init ] --START--
INFO: Run Behavior\BuildLiteBehavior [ RunTime:0.000016s ]
INFO: [ app_init ] --END-- [ RunTime:0.000361s ]
ERR: 无法加载模块:Public

[ 2017-06-23T14:39:28+08:00 ] 113.88.99.244 /Public/Style/favicon.ico
INFO: [ app_init ] --START--
INFO: Run Behavior\BuildLiteBehavior [ RunTime:0.000017s ]
INFO: [ app_init ] --END-- [ RunTime:0.000460s ]
ERR: 无法加载模块:Public

