[ 2017-08-10T01:33:08+08:00 ] 123.125.67.163 /robots.txt
INFO: [ app_init ] --START--
INFO: Run Behavior\BuildLiteBehavior [ RunTime:0.000018s ]
INFO: [ app_init ] --END-- [ RunTime:0.000425s ]
ERR: 无法加载模块:Robots

[ 2017-08-10T09:30:01+08:00 ] 140.205.225.199 /index.php?m=member&c=index&a=register&siteid=1
INFO: [ app_init ] --START--
INFO: Run Behavior\BuildLiteBehavior [ RunTime:0.000016s ]
INFO: [ app_init ] --END-- [ RunTime:0.000361s ]
ERR: 无法加载模块:Member

[ 2017-08-10T09:30:02+08:00 ] 140.205.225.199 /index.php?m=wap&a=index&siteid=1
INFO: [ app_init ] --START--
INFO: Run Behavior\BuildLiteBehavior [ RunTime:0.000016s ]
INFO: [ app_init ] --END-- [ RunTime:0.000355s ]
ERR: 无法加载模块:Wap

[ 2017-08-10T16:06:40+08:00 ] 123.125.67.219 /robots.txt
INFO: [ app_init ] --START--
INFO: Run Behavior\BuildLiteBehavior [ RunTime:0.000016s ]
INFO: [ app_init ] --END-- [ RunTime:0.000373s ]
ERR: 无法加载模块:Robots

