[ 2017-12-29T11:55:34+08:00 ] 185.117.74.118 /beta/wp-admin/setup-config.php
INFO: [ app_init ] --START--
INFO: Run Behavior\BuildLiteBehavior [ RunTime:0.000015s ]
INFO: [ app_init ] --END-- [ RunTime:0.000344s ]
ERR: 无法加载模块:Beta

[ 2017-12-29T11:55:34+08:00 ] 185.117.74.118 /blogs/wp-admin/setup-config.php
INFO: [ app_init ] --START--
INFO: Run Behavior\BuildLiteBehavior [ RunTime:0.000018s ]
INFO: [ app_init ] --END-- [ RunTime:0.000390s ]
ERR: 无法加载模块:Blogs

[ 2017-12-29T11:55:34+08:00 ] 185.117.74.118 /wp-admin/setup-config.php
INFO: [ app_init ] --START--
INFO: Run Behavior\BuildLiteBehavior [ RunTime:0.000023s ]
INFO: [ app_init ] --END-- [ RunTime:0.000477s ]
ERR: 无法加载模块:Wp-admin

[ 2017-12-29T11:55:34+08:00 ] 185.117.74.118 /blog/wordpress/wp-admin/setup-config.php
INFO: [ app_init ] --START--
INFO: Run Behavior\BuildLiteBehavior [ RunTime:0.000015s ]
INFO: [ app_init ] --END-- [ RunTime:0.000353s ]
ERR: 无法加载模块:Blog

[ 2017-12-29T11:55:34+08:00 ] 185.117.74.118 /cms/wp-admin/setup-config.php
INFO: [ app_init ] --START--
INFO: Run Behavior\BuildLiteBehavior [ RunTime:0.000018s ]
INFO: [ app_init ] --END-- [ RunTime:0.000369s ]
ERR: 无法加载模块:Cms

[ 2017-12-29T11:55:35+08:00 ] 185.117.74.118 /site/wp-admin/setup-config.php
INFO: [ app_init ] --START--
INFO: Run Behavior\BuildLiteBehavior [ RunTime:0.000021s ]
INFO: [ app_init ] --END-- [ RunTime:0.000434s ]
ERR: 无法加载模块:Site

[ 2017-12-29T18:59:26+08:00 ] 47.94.81.123 /robots.txt/.php
INFO: [ app_init ] --START--
INFO: Run Behavior\BuildLiteBehavior [ RunTime:0.000026s ]
INFO: [ app_init ] --END-- [ RunTime:0.000423s ]
ERR: 无法加载模块:Robots.txt

