[ 2017-10-15T00:46:38+08:00 ] 18.220.42.238 /xmlrpc.php
INFO: [ app_init ] --START--
INFO: Run Behavior\BuildLiteBehavior [ RunTime:0.000017s ]
INFO: [ app_init ] --END-- [ RunTime:0.000376s ]
ERR: 无法加载模块:Xmlrpc

[ 2017-10-15T03:31:56+08:00 ] 203.208.60.214 /robots.txt
INFO: [ app_init ] --START--
INFO: Run Behavior\BuildLiteBehavior [ RunTime:0.000022s ]
INFO: [ app_init ] --END-- [ RunTime:0.000371s ]
ERR: 无法加载模块:Robots

[ 2017-10-15T16:02:04+08:00 ] 203.208.60.209 /robots.txt
INFO: [ app_init ] --START--
INFO: Run Behavior\BuildLiteBehavior [ RunTime:0.000020s ]
INFO: [ app_init ] --END-- [ RunTime:0.000392s ]
ERR: 无法加载模块:Robots

[ 2017-10-15T16:51:39+08:00 ] 222.186.3.97 /kzlcdede/inc/grouplist.txt
INFO: [ app_init ] --START--
INFO: Run Behavior\BuildLiteBehavior [ RunTime:0.000028s ]
INFO: [ app_init ] --END-- [ RunTime:0.000521s ]
ERR: 无法加载模块:Kzlcdede

[ 2017-10-15T16:51:39+08:00 ] 222.186.3.97 /dede/inc/grouplist.txt
INFO: [ app_init ] --START--
INFO: Run Behavior\BuildLiteBehavior [ RunTime:0.000019s ]
INFO: [ app_init ] --END-- [ RunTime:0.005900s ]
ERR: 无法加载模块:Dede

[ 2017-10-15T16:51:39+08:00 ] 222.186.3.97 /dede/inc/grouplist.txt
INFO: [ app_init ] --START--
INFO: Run Behavior\BuildLiteBehavior [ RunTime:0.000024s ]
INFO: [ app_init ] --END-- [ RunTime:0.000545s ]
ERR: 无法加载模块:Dede

[ 2017-10-15T16:51:39+08:00 ] 222.186.3.97 /wbxtadmin/inc/grouplist.txt
INFO: [ app_init ] --START--
INFO: Run Behavior\BuildLiteBehavior [ RunTime:0.000028s ]
INFO: [ app_init ] --END-- [ RunTime:0.000612s ]
ERR: 无法加载模块:Wbxtadmin

[ 2017-10-15T16:51:40+08:00 ] 222.186.3.97 /admin/inc/grouplist.txt
INFO: [ app_init ] --START--
INFO: Run Behavior\BuildLiteBehavior [ RunTime:0.000023s ]
INFO: [ app_init ] --END-- [ RunTime:0.000466s ]
ERR: 无法加载模块:Admin

[ 2017-10-15T16:51:40+08:00 ] 222.186.3.97 /admin/inc/grouplist.txt
INFO: [ app_init ] --START--
INFO: Run Behavior\BuildLiteBehavior [ RunTime:0.000028s ]
INFO: [ app_init ] --END-- [ RunTime:0.000469s ]
ERR: 无法加载模块:Admin

