[ 2018-05-22T00:12:46+08:00 ] 123.125.71.82 /robots.txt
INFO: [ app_init ] --START--
INFO: Run Behavior\BuildLiteBehavior [ RunTime:0.000020s ]
INFO: [ app_init ] --END-- [ RunTime:0.000446s ]
ERR: 无法加载模块:Robots

[ 2018-05-22T04:19:31+08:00 ] 203.208.60.199 /robots.txt
INFO: [ app_init ] --START--
INFO: Run Behavior\BuildLiteBehavior [ RunTime:0.000021s ]
INFO: [ app_init ] --END-- [ RunTime:0.000424s ]
ERR: 无法加载模块:Robots

[ 2018-05-22T17:58:45+08:00 ] 222.186.57.24 /ogbtkindeditor/asp.net/upload_json.ashx
INFO: [ app_init ] --START--
INFO: Run Behavior\BuildLiteBehavior [ RunTime:0.000023s ]
INFO: [ app_init ] --END-- [ RunTime:0.000474s ]
ERR: 无法加载模块:Ogbtkindeditor

[ 2018-05-22T17:58:45+08:00 ] 222.186.57.24 /kindeditor/asp.net/upload_json.ashx
INFO: [ app_init ] --START--
INFO: Run Behavior\BuildLiteBehavior [ RunTime:0.000023s ]
INFO: [ app_init ] --END-- [ RunTime:0.000440s ]
ERR: 无法加载模块:Kindeditor

[ 2018-05-22T17:58:45+08:00 ] 222.186.57.24 /kindeditor/asp.net/upload_json.ashx
INFO: [ app_init ] --START--
INFO: Run Behavior\BuildLiteBehavior [ RunTime:0.000025s ]
INFO: [ app_init ] --END-- [ RunTime:0.000652s ]
ERR: 无法加载模块:Kindeditor

[ 2018-05-22T17:58:45+08:00 ] 222.186.57.24 /nscpeditor/asp/upload_json.asp
INFO: [ app_init ] --START--
INFO: Run Behavior\BuildLiteBehavior [ RunTime:0.000023s ]
INFO: [ app_init ] --END-- [ RunTime:0.000486s ]
ERR: 无法加载模块:Nscpeditor

[ 2018-05-22T17:58:45+08:00 ] 222.186.57.24 /editor/asp/upload_json.asp
INFO: [ app_init ] --START--
INFO: Run Behavior\BuildLiteBehavior [ RunTime:0.000022s ]
INFO: [ app_init ] --END-- [ RunTime:0.000463s ]
ERR: 无法加载模块:Editor

[ 2018-05-22T17:58:45+08:00 ] 222.186.57.24 /editor/asp/upload_json.asp
INFO: [ app_init ] --START--
INFO: Run Behavior\BuildLiteBehavior [ RunTime:0.000022s ]
INFO: [ app_init ] --END-- [ RunTime:0.000431s ]
ERR: 无法加载模块:Editor

[ 2018-05-22T17:58:46+08:00 ] 222.186.57.24 /wrfueditor/asp.net/upload_json.ashx
INFO: [ app_init ] --START--
INFO: Run Behavior\BuildLiteBehavior [ RunTime:0.000027s ]
INFO: [ app_init ] --END-- [ RunTime:0.000522s ]
ERR: 无法加载模块:Wrfueditor

[ 2018-05-22T17:58:47+08:00 ] 222.186.57.24 /editor/asp.net/upload_json.ashx
INFO: [ app_init ] --START--
INFO: Run Behavior\BuildLiteBehavior [ RunTime:0.000024s ]
INFO: [ app_init ] --END-- [ RunTime:0.000479s ]
ERR: 无法加载模块:Editor

[ 2018-05-22T17:58:47+08:00 ] 222.186.57.24 /editor/asp.net/upload_json.ashx
INFO: [ app_init ] --START--
INFO: Run Behavior\BuildLiteBehavior [ RunTime:0.000040s ]
INFO: [ app_init ] --END-- [ RunTime:0.000681s ]
ERR: 无法加载模块:Editor

[ 2018-05-22T17:58:47+08:00 ] 222.186.57.24 /btstkindeditor/asp/upload_json.asp
INFO: [ app_init ] --START--
INFO: Run Behavior\BuildLiteBehavior [ RunTime:0.000022s ]
INFO: [ app_init ] --END-- [ RunTime:0.000420s ]
ERR: 无法加载模块:Btstkindeditor

[ 2018-05-22T17:58:47+08:00 ] 222.186.57.24 /kindeditor/asp/upload_json.asp
INFO: [ app_init ] --START--
INFO: Run Behavior\BuildLiteBehavior [ RunTime:0.000030s ]
INFO: [ app_init ] --END-- [ RunTime:0.000494s ]
ERR: 无法加载模块:Kindeditor

[ 2018-05-22T17:58:47+08:00 ] 222.186.57.24 /kindeditor/asp/upload_json.asp
INFO: [ app_init ] --START--
INFO: Run Behavior\BuildLiteBehavior [ RunTime:0.000021s ]
INFO: [ app_init ] --END-- [ RunTime:0.000466s ]
ERR: 无法加载模块:Kindeditor

[ 2018-05-22T18:15:11+08:00 ] 203.208.60.230 /robots.txt
INFO: [ app_init ] --START--
INFO: Run Behavior\BuildLiteBehavior [ RunTime:0.000018s ]
INFO: [ app_init ] --END-- [ RunTime:0.000445s ]
ERR: 无法加载模块:Robots

[ 2018-05-22T21:43:51+08:00 ] 115.193.164.44 //js/close.gif
INFO: [ app_init ] --START--
INFO: Run Behavior\BuildLiteBehavior [ RunTime:0.000020s ]
INFO: [ app_init ] --END-- [ RunTime:0.000493s ]
ERR: 无法加载模块:Js

[ 2018-05-22T21:43:51+08:00 ] 115.193.164.44 //plus/img/wbg.gif
INFO: [ app_init ] --START--
INFO: Run Behavior\BuildLiteBehavior [ RunTime:0.000018s ]
INFO: [ app_init ] --END-- [ RunTime:0.000437s ]
ERR: 无法加载模块:Plus

[ 2018-05-22T22:53:12+08:00 ] 106.114.207.121 /dede/login.php
INFO: [ app_init ] --START--
INFO: Run Behavior\BuildLiteBehavior [ RunTime:0.000025s ]
INFO: [ app_init ] --END-- [ RunTime:0.000521s ]
ERR: 无法加载模块:Dede

