[ 2018-01-19T02:31:36+08:00 ] 123.125.67.224 /robots.txt
INFO: [ app_init ] --START--
INFO: Run Behavior\BuildLiteBehavior [ RunTime:0.000035s ]
INFO: [ app_init ] --END-- [ RunTime:0.000648s ]
ERR: 无法加载模块:Robots

[ 2018-01-19T05:21:52+08:00 ] 216.145.14.142 /robots.txt
INFO: [ app_init ] --START--
INFO: Run Behavior\BuildLiteBehavior [ RunTime:0.000020s ]
INFO: [ app_init ] --END-- [ RunTime:0.000404s ]
ERR: 无法加载模块:Robots

[ 2018-01-19T09:57:58+08:00 ] 128.1.223.242 /admin/AdminMailAdd.asp
INFO: [ app_init ] --START--
INFO: Run Behavior\BuildLiteBehavior [ RunTime:0.000024s ]
INFO: [ app_init ] --END-- [ RunTime:0.000425s ]
ERR: 无法加载模块:Admin

[ 2018-01-19T09:57:59+08:00 ] 128.1.223.242 /admin/AdminMailto.asp
INFO: [ app_init ] --START--
INFO: Run Behavior\BuildLiteBehavior [ RunTime:0.000021s ]
INFO: [ app_init ] --END-- [ RunTime:0.000425s ]
ERR: 无法加载模块:Admin

[ 2018-01-19T09:57:59+08:00 ] 128.1.223.242 /NewsType.asp?SmallClass=%27%20union%20select%200,username%2BCHR(124)%2Bpassword,2,3,4,5,6,7,8,9%20from%20admin%20union%20select%20*%20from%20news%20where%201=2%20and%20%27%27=%27
INFO: [ app_init ] --START--
INFO: Run Behavior\BuildLiteBehavior [ RunTime:0.000021s ]
INFO: [ app_init ] --END-- [ RunTime:0.000439s ]
ERR: 无法加载模块:NewsType

[ 2018-01-19T17:14:05+08:00 ] 183.15.181.108 /favicon.ico
INFO: [ app_init ] --START--
INFO: Run Behavior\BuildLiteBehavior [ RunTime:0.000024s ]
INFO: [ app_init ] --END-- [ RunTime:0.000512s ]
ERR: 无法加载模块:Favicon

