[ 2018-03-21T03:29:27+08:00 ] 123.125.67.165 /robots.txt
INFO: [ app_init ] --START--
INFO: Run Behavior\BuildLiteBehavior [ RunTime:0.000020s ]
INFO: [ app_init ] --END-- [ RunTime:0.000433s ]
ERR: 无法加载模块:Robots

[ 2018-03-21T08:23:03+08:00 ] 106.11.153.241 /robots.txt
INFO: [ app_init ] --START--
INFO: Run Behavior\BuildLiteBehavior [ RunTime:0.000024s ]
INFO: [ app_init ] --END-- [ RunTime:0.000466s ]
ERR: 无法加载模块:Robots

[ 2018-03-21T12:28:39+08:00 ] 203.208.60.229 /robots.txt
INFO: [ app_init ] --START--
INFO: Run Behavior\BuildLiteBehavior [ RunTime:0.000033s ]
INFO: [ app_init ] --END-- [ RunTime:0.000653s ]
ERR: 无法加载模块:Robots

[ 2018-03-21T22:00:35+08:00 ] 128.1.223.242 /plug/comment/commentList.asp?id=0%20unmasterion%20semasterlect%20top%201%20UserID,GroupID,LoginName,Password,now%28%29,null,1%20%20frmasterom%20%7Bprefix%7Duser
INFO: [ app_init ] --START--
INFO: Run Behavior\BuildLiteBehavior [ RunTime:0.000018s ]
INFO: [ app_init ] --END-- [ RunTime:0.000378s ]
ERR: 无法加载模块:Plug

[ 2018-03-21T22:00:39+08:00 ] 128.1.223.242 //plug/aliyun/aliyun_Backup.asp
INFO: [ app_init ] --START--
INFO: Run Behavior\BuildLiteBehavior [ RunTime:0.000021s ]
INFO: [ app_init ] --END-- [ RunTime:0.000504s ]
ERR: 无法加载模块:Plug

[ 2018-03-21T22:00:46+08:00 ] 128.1.223.242 //plug/oem/AspCms_OEMFun.asp
INFO: [ app_init ] --START--
INFO: Run Behavior\BuildLiteBehavior [ RunTime:0.000020s ]
INFO: [ app_init ] --END-- [ RunTime:0.000639s ]
ERR: 无法加载模块:Plug

