[ 2017-12-10T05:51:54+08:00 ] 47.92.22.210 /
INFO: [ app_init ] --START--
INFO: Run Behavior\BuildLiteBehavior [ RunTime:0.000021s ]
INFO: [ app_init ] --END-- [ RunTime:0.000387s ]
INFO: [ app_begin ] --START--
INFO: Run Behavior\ReadHtmlCacheBehavior [ RunTime:0.000597s ]
INFO: [ app_begin ] --END-- [ RunTime:0.000664s ]
INFO: [ view_parse ] --START--
INFO: [ template_filter ] --START--
INFO: Run Behavior\ContentReplaceBehavior [ RunTime:0.000066s ]
INFO: [ template_filter ] --END-- [ RunTime:0.000132s ]
NOTIC: [8] Undefined variable: photos /data/home/bxu2442540564/htdocs/Index/Runtime/Cache/Home/f8cf203eb98c60ed9cec339b90173a5c.php 第 93 行.
INFO: Run Behavior\ParseTemplateBehavior [ RunTime:0.009586s ]
INFO: [ view_parse ] --END-- [ RunTime:0.009625s ]
INFO: [ view_filter ] --START--
INFO: Run Behavior\WriteHtmlCacheBehavior [ RunTime:0.000263s ]
INFO: [ view_filter ] --END-- [ RunTime:0.000295s ]
INFO: [ app_end ] --START--
INFO: Run Behavior\ShowPageTraceBehavior [ RunTime:0.000528s ]
INFO: [ app_end ] --END-- [ RunTime:0.000572s ]

[ 2017-12-10T08:02:26+08:00 ] 106.15.14.130 /
INFO: [ app_init ] --START--
INFO: Run Behavior\BuildLiteBehavior [ RunTime:0.000016s ]
INFO: [ app_init ] --END-- [ RunTime:0.000363s ]
INFO: [ app_begin ] --START--
INFO: Run Behavior\ReadHtmlCacheBehavior [ RunTime:0.000597s ]
INFO: [ app_begin ] --END-- [ RunTime:0.000640s ]
INFO: [ view_parse ] --START--
INFO: [ template_filter ] --START--
INFO: Run Behavior\ContentReplaceBehavior [ RunTime:0.000090s ]
INFO: [ template_filter ] --END-- [ RunTime:0.000135s ]
NOTIC: [8] Undefined variable: photos /data/home/bxu2442540564/htdocs/Index/Runtime/Cache/Home/f8cf203eb98c60ed9cec339b90173a5c.php 第 93 行.
INFO: Run Behavior\ParseTemplateBehavior [ RunTime:0.008712s ]
INFO: [ view_parse ] --END-- [ RunTime:0.008781s ]
INFO: [ view_filter ] --START--
INFO: Run Behavior\WriteHtmlCacheBehavior [ RunTime:0.000257s ]
INFO: [ view_filter ] --END-- [ RunTime:0.000292s ]
INFO: [ app_end ] --START--
INFO: Run Behavior\ShowPageTraceBehavior [ RunTime:0.000488s ]
INFO: [ app_end ] --END-- [ RunTime:0.000528s ]

[ 2017-12-10T10:25:04+08:00 ] 106.11.242.181 /
INFO: [ app_init ] --START--
INFO: Run Behavior\BuildLiteBehavior [ RunTime:0.000017s ]
INFO: [ app_init ] --END-- [ RunTime:0.000450s ]
INFO: [ app_begin ] --START--
INFO: Run Behavior\ReadHtmlCacheBehavior [ RunTime:0.000736s ]
INFO: [ app_begin ] --END-- [ RunTime:0.000801s ]
INFO: [ view_parse ] --START--
INFO: [ template_filter ] --START--
INFO: Run Behavior\ContentReplaceBehavior [ RunTime:0.000066s ]
INFO: [ template_filter ] --END-- [ RunTime:0.000110s ]
NOTIC: [8] Undefined variable: photos /data/home/bxu2442540564/htdocs/Index/Runtime/Cache/Home/f8cf203eb98c60ed9cec339b90173a5c.php 第 93 行.
INFO: Run Behavior\ParseTemplateBehavior [ RunTime:0.009407s ]
INFO: [ view_parse ] --END-- [ RunTime:0.009446s ]
INFO: [ view_filter ] --START--
INFO: Run Behavior\WriteHtmlCacheBehavior [ RunTime:0.000367s ]
INFO: [ view_filter ] --END-- [ RunTime:0.000418s ]
INFO: [ app_end ] --START--
INFO: Run Behavior\ShowPageTraceBehavior [ RunTime:0.000556s ]
INFO: [ app_end ] --END-- [ RunTime:0.000600s ]

[ 2017-12-10T10:42:52+08:00 ] 106.11.158.112 /
INFO: [ app_init ] --START--
INFO: Run Behavior\BuildLiteBehavior [ RunTime:0.000017s ]
INFO: [ app_init ] --END-- [ RunTime:0.000367s ]
INFO: [ app_begin ] --START--
INFO: Run Behavior\ReadHtmlCacheBehavior [ RunTime:0.000587s ]
INFO: [ app_begin ] --END-- [ RunTime:0.000635s ]
INFO: [ view_parse ] --START--
INFO: [ template_filter ] --START--
INFO: Run Behavior\ContentReplaceBehavior [ RunTime:0.000060s ]
INFO: [ template_filter ] --END-- [ RunTime:0.000113s ]
NOTIC: [8] Undefined variable: photos /data/home/bxu2442540564/htdocs/Index/Runtime/Cache/Home/f8cf203eb98c60ed9cec339b90173a5c.php 第 93 行.
INFO: Run Behavior\ParseTemplateBehavior [ RunTime:0.008618s ]
INFO: [ view_parse ] --END-- [ RunTime:0.008656s ]
INFO: [ view_filter ] --START--
INFO: Run Behavior\WriteHtmlCacheBehavior [ RunTime:0.000258s ]
INFO: [ view_filter ] --END-- [ RunTime:0.000290s ]
INFO: [ app_end ] --START--
INFO: Run Behavior\ShowPageTraceBehavior [ RunTime:0.000460s ]
INFO: [ app_end ] --END-- [ RunTime:0.000498s ]

[ 2017-12-10T11:22:16+08:00 ] 106.11.152.179 /
INFO: [ app_init ] --START--
INFO: Run Behavior\BuildLiteBehavior [ RunTime:0.000016s ]
INFO: [ app_init ] --END-- [ RunTime:0.000397s ]
INFO: [ app_begin ] --START--
INFO: Run Behavior\ReadHtmlCacheBehavior [ RunTime:0.000620s ]
INFO: [ app_begin ] --END-- [ RunTime:0.000663s ]
INFO: [ view_parse ] --START--
INFO: [ template_filter ] --START--
INFO: Run Behavior\ContentReplaceBehavior [ RunTime:0.000078s ]
INFO: [ template_filter ] --END-- [ RunTime:0.000133s ]
NOTIC: [8] Undefined variable: photos /data/home/bxu2442540564/htdocs/Index/Runtime/Cache/Home/f8cf203eb98c60ed9cec339b90173a5c.php 第 93 行.
INFO: Run Behavior\ParseTemplateBehavior [ RunTime:0.009322s ]
INFO: [ view_parse ] --END-- [ RunTime:0.009365s ]
INFO: [ view_filter ] --START--
INFO: Run Behavior\WriteHtmlCacheBehavior [ RunTime:0.000278s ]
INFO: [ view_filter ] --END-- [ RunTime:0.000311s ]
INFO: [ app_end ] --START--
INFO: Run Behavior\ShowPageTraceBehavior [ RunTime:0.000490s ]
INFO: [ app_end ] --END-- [ RunTime:0.000528s ]

[ 2017-12-10T13:49:32+08:00 ] 139.199.62.227 /
INFO: [ app_init ] --START--
INFO: Run Behavior\BuildLiteBehavior [ RunTime:0.000018s ]
INFO: [ app_init ] --END-- [ RunTime:0.000364s ]
INFO: [ app_begin ] --START--
INFO: Run Behavior\ReadHtmlCacheBehavior [ RunTime:0.000565s ]
INFO: [ app_begin ] --END-- [ RunTime:0.000606s ]
INFO: [ view_parse ] --START--
INFO: [ template_filter ] --START--
INFO: Run Behavior\ContentReplaceBehavior [ RunTime:0.000060s ]
INFO: [ template_filter ] --END-- [ RunTime:0.000101s ]
NOTIC: [8] Undefined variable: photos /data/home/bxu2442540564/htdocs/Index/Runtime/Cache/Home/f8cf203eb98c60ed9cec339b90173a5c.php 第 93 行.
INFO: Run Behavior\ParseTemplateBehavior [ RunTime:0.008622s ]
INFO: [ view_parse ] --END-- [ RunTime:0.008660s ]
INFO: [ view_filter ] --START--
INFO: Run Behavior\WriteHtmlCacheBehavior [ RunTime:0.000234s ]
INFO: [ view_filter ] --END-- [ RunTime:0.000265s ]
INFO: [ app_end ] --START--
INFO: Run Behavior\ShowPageTraceBehavior [ RunTime:0.000485s ]
INFO: [ app_end ] --END-- [ RunTime:0.000520s ]

[ 2017-12-10T15:07:19+08:00 ] 140.205.201.23 /
INFO: [ app_init ] --START--
INFO: Run Behavior\BuildLiteBehavior [ RunTime:0.000021s ]
INFO: [ app_init ] --END-- [ RunTime:0.000416s ]
INFO: [ app_begin ] --START--
INFO: Run Behavior\ReadHtmlCacheBehavior [ RunTime:0.000616s ]
INFO: [ app_begin ] --END-- [ RunTime:0.000660s ]
INFO: [ view_parse ] --START--
INFO: [ template_filter ] --START--
INFO: Run Behavior\ContentReplaceBehavior [ RunTime:0.000060s ]
INFO: [ template_filter ] --END-- [ RunTime:0.000125s ]
NOTIC: [8] Undefined variable: photos /data/home/bxu2442540564/htdocs/Index/Runtime/Cache/Home/f8cf203eb98c60ed9cec339b90173a5c.php 第 93 行.
INFO: Run Behavior\ParseTemplateBehavior [ RunTime:0.011177s ]
INFO: [ view_parse ] --END-- [ RunTime:0.011217s ]
INFO: [ view_filter ] --START--
INFO: Run Behavior\WriteHtmlCacheBehavior [ RunTime:0.000259s ]
INFO: [ view_filter ] --END-- [ RunTime:0.000292s ]
INFO: [ app_end ] --START--
INFO: Run Behavior\ShowPageTraceBehavior [ RunTime:0.000492s ]
INFO: [ app_end ] --END-- [ RunTime:0.000528s ]

[ 2017-12-10T15:13:00+08:00 ] 140.205.201.11 /
INFO: [ app_init ] --START--
INFO: Run Behavior\BuildLiteBehavior [ RunTime:0.000021s ]
INFO: [ app_init ] --END-- [ RunTime:0.000387s ]
INFO: [ app_begin ] --START--
INFO: Run Behavior\ReadHtmlCacheBehavior [ RunTime:0.000868s ]
INFO: [ app_begin ] --END-- [ RunTime:0.000933s ]
INFO: [ view_parse ] --START--
INFO: [ template_filter ] --START--
INFO: Run Behavior\ContentReplaceBehavior [ RunTime:0.000070s ]
INFO: [ template_filter ] --END-- [ RunTime:0.000128s ]
NOTIC: [8] Undefined variable: photos /data/home/bxu2442540564/htdocs/Index/Runtime/Cache/Home/f8cf203eb98c60ed9cec339b90173a5c.php 第 93 行.
INFO: Run Behavior\ParseTemplateBehavior [ RunTime:0.011906s ]
INFO: [ view_parse ] --END-- [ RunTime:0.011960s ]
INFO: [ view_filter ] --START--
INFO: Run Behavior\WriteHtmlCacheBehavior [ RunTime:0.000241s ]
INFO: [ view_filter ] --END-- [ RunTime:0.000281s ]
INFO: [ app_end ] --START--
INFO: Run Behavior\ShowPageTraceBehavior [ RunTime:0.000800s ]
INFO: [ app_end ] --END-- [ RunTime:0.000858s ]

[ 2017-12-10T17:43:33+08:00 ] 106.11.226.37 /
INFO: [ app_init ] --START--
INFO: Run Behavior\BuildLiteBehavior [ RunTime:0.000018s ]
INFO: [ app_init ] --END-- [ RunTime:0.000388s ]
INFO: [ app_begin ] --START--
INFO: Run Behavior\ReadHtmlCacheBehavior [ RunTime:0.000614s ]
INFO: [ app_begin ] --END-- [ RunTime:0.000656s ]
INFO: [ view_parse ] --START--
INFO: [ template_filter ] --START--
INFO: Run Behavior\ContentReplaceBehavior [ RunTime:0.000064s ]
INFO: [ template_filter ] --END-- [ RunTime:0.000113s ]
NOTIC: [8] Undefined variable: photos /data/home/bxu2442540564/htdocs/Index/Runtime/Cache/Home/f8cf203eb98c60ed9cec339b90173a5c.php 第 93 行.
INFO: Run Behavior\ParseTemplateBehavior [ RunTime:0.009593s ]
INFO: [ view_parse ] --END-- [ RunTime:0.009632s ]
INFO: [ view_filter ] --START--
INFO: Run Behavior\WriteHtmlCacheBehavior [ RunTime:0.000260s ]
INFO: [ view_filter ] --END-- [ RunTime:0.000292s ]
INFO: [ app_end ] --START--
INFO: Run Behavior\ShowPageTraceBehavior [ RunTime:0.000504s ]
INFO: [ app_end ] --END-- [ RunTime:0.000545s ]

[ 2017-12-10T18:13:31+08:00 ] 13.56.229.65 /
INFO: [ app_init ] --START--
INFO: Run Behavior\BuildLiteBehavior [ RunTime:0.000018s ]
INFO: [ app_init ] --END-- [ RunTime:0.000411s ]
INFO: [ app_begin ] --START--
INFO: Run Behavior\ReadHtmlCacheBehavior [ RunTime:0.000729s ]
INFO: [ app_begin ] --END-- [ RunTime:0.000807s ]
INFO: [ view_parse ] --START--
INFO: [ template_filter ] --START--
INFO: Run Behavior\ContentReplaceBehavior [ RunTime:0.000082s ]
INFO: [ template_filter ] --END-- [ RunTime:0.000125s ]
NOTIC: [8] Undefined variable: photos /data/home/bxu2442540564/htdocs/Index/Runtime/Cache/Home/f8cf203eb98c60ed9cec339b90173a5c.php 第 93 行.
INFO: Run Behavior\ParseTemplateBehavior [ RunTime:0.009631s ]
INFO: [ view_parse ] --END-- [ RunTime:0.009672s ]
INFO: [ view_filter ] --START--
INFO: Run Behavior\WriteHtmlCacheBehavior [ RunTime:0.000256s ]
INFO: [ view_filter ] --END-- [ RunTime:0.000288s ]
INFO: [ app_end ] --START--
INFO: Run Behavior\ShowPageTraceBehavior [ RunTime:0.000501s ]
INFO: [ app_end ] --END-- [ RunTime:0.000544s ]

